<?xml version="1.0" encoding="UTF-8"?>
<!DOCTYPE coverage SYSTEM "http://cobertura.sourceforge.net/xml/coverage-04.dtd">
<coverage line-rate="1" branch-rate="0" lines-covered="246" lines-valid="246" branches-covered="0" branches-valid="0" complexity="38" version="0.4" timestamp="1712207537">
  <sources>
    <source>/app/src</source>
  </sources>
  <packages>
    <package name="Models/Campaign.php" line-rate="0" branch-rate="0" complexity="0">
      <classes>
        <class name="Playground\Lead\Models\Campaign" filename="Models/Campaign.php" line-rate="0" branch-rate="0" complexity="0">
          <methods/>
          <lines/>
        </class>
      </classes>
    </package>
    <package name="Models/Goal.php" line-rate="0" branch-rate="0" complexity="0">
      <classes>
        <class name="Playground\Lead\Models\Goal" filename="Models/Goal.php" line-rate="0" branch-rate="0" complexity="0">
          <methods/>
          <lines/>
        </class>
      </classes>
    </package>
    <package name="Models/Lead.php" line-rate="0" branch-rate="0" complexity="0">
      <classes>
        <class name="Playground\Lead\Models\Lead" filename="Models/Lead.php" line-rate="0" branch-rate="0" complexity="0">
          <methods/>
          <lines/>
        </class>
      </classes>
    </package>
    <package name="Models/Model.php" line-rate="1" branch-rate="0" complexity="23">
      <classes>
        <class name="Playground\Lead\Models\Model" filename="Models/Model.php" line-rate="1" branch-rate="0" complexity="23">
          <methods>
            <method name="casts" signature="" line-rate="1" branch-rate="0" complexity="1">
              <lines>
                <line number="363" hits="66"/>
                <line number="364" hits="66"/>
                <line number="365" hits="66"/>
                <line number="366" hits="66"/>
                <line number="367" hits="66"/>
                <line number="368" hits="66"/>
                <line number="369" hits="66"/>
                <line number="370" hits="66"/>
                <line number="371" hits="66"/>
                <line number="372" hits="66"/>
                <line number="373" hits="66"/>
                <line number="374" hits="66"/>
                <line number="375" hits="66"/>
                <line number="376" hits="66"/>
                <line number="377" hits="66"/>
                <line number="378" hits="66"/>
                <line number="379" hits="66"/>
                <line number="380" hits="66"/>
                <line number="381" hits="66"/>
                <line number="382" hits="66"/>
                <line number="383" hits="66"/>
                <line number="384" hits="66"/>
                <line number="385" hits="66"/>
                <line number="386" hits="66"/>
                <line number="387" hits="66"/>
                <line number="388" hits="66"/>
                <line number="389" hits="66"/>
                <line number="390" hits="66"/>
                <line number="391" hits="66"/>
                <line number="392" hits="66"/>
                <line number="393" hits="66"/>
                <line number="394" hits="66"/>
                <line number="395" hits="66"/>
                <line number="396" hits="66"/>
                <line number="397" hits="66"/>
                <line number="398" hits="66"/>
                <line number="399" hits="66"/>
                <line number="400" hits="66"/>
                <line number="401" hits="66"/>
                <line number="402" hits="66"/>
                <line number="403" hits="66"/>
                <line number="404" hits="66"/>
                <line number="405" hits="66"/>
                <line number="406" hits="66"/>
                <line number="407" hits="66"/>
                <line number="408" hits="66"/>
                <line number="409" hits="66"/>
                <line number="410" hits="66"/>
                <line number="411" hits="66"/>
                <line number="412" hits="66"/>
                <line number="413" hits="66"/>
                <line number="414" hits="66"/>
                <line number="415" hits="66"/>
                <line number="416" hits="66"/>
                <line number="417" hits="66"/>
                <line number="418" hits="66"/>
                <line number="419" hits="66"/>
                <line number="420" hits="66"/>
                <line number="421" hits="66"/>
                <line number="422" hits="66"/>
                <line number="423" hits="66"/>
                <line number="424" hits="66"/>
                <line number="425" hits="66"/>
                <line number="426" hits="66"/>
                <line number="427" hits="66"/>
                <line number="428" hits="66"/>
                <line number="429" hits="66"/>
                <line number="430" hits="66"/>
                <line number="431" hits="66"/>
                <line number="432" hits="66"/>
                <line number="433" hits="66"/>
                <line number="434" hits="66"/>
                <line number="435" hits="66"/>
                <line number="436" hits="66"/>
                <line number="437" hits="66"/>
                <line number="438" hits="66"/>
                <line number="439" hits="66"/>
                <line number="440" hits="66"/>
                <line number="441" hits="66"/>
                <line number="442" hits="66"/>
                <line number="443" hits="66"/>
                <line number="444" hits="66"/>
                <line number="445" hits="66"/>
                <line number="446" hits="66"/>
                <line number="447" hits="66"/>
                <line number="448" hits="66"/>
                <line number="449" hits="66"/>
                <line number="450" hits="66"/>
                <line number="451" hits="66"/>
                <line number="452" hits="66"/>
                <line number="453" hits="66"/>
                <line number="454" hits="66"/>
                <line number="455" hits="66"/>
                <line number="456" hits="66"/>
                <line number="457" hits="66"/>
              </lines>
            </method>
            <method name="campaign" signature="" line-rate="1" branch-rate="0" complexity="1">
              <lines>
                <line number="465" hits="21"/>
                <line number="466" hits="21"/>
                <line number="467" hits="21"/>
                <line number="468" hits="21"/>
                <line number="469" hits="21"/>
              </lines>
            </method>
            <method name="campaigns" signature="" line-rate="1" branch-rate="0" complexity="1">
              <lines>
                <line number="477" hits="22"/>
                <line number="478" hits="22"/>
                <line number="479" hits="22"/>
                <line number="480" hits="22"/>
                <line number="481" hits="22"/>
              </lines>
            </method>
            <method name="goal" signature="" line-rate="1" branch-rate="0" complexity="1">
              <lines>
                <line number="489" hits="21"/>
                <line number="490" hits="21"/>
                <line number="491" hits="21"/>
                <line number="492" hits="21"/>
                <line number="493" hits="21"/>
              </lines>
            </method>
            <method name="goals" signature="" line-rate="1" branch-rate="0" complexity="1">
              <lines>
                <line number="501" hits="22"/>
                <line number="502" hits="22"/>
                <line number="503" hits="22"/>
                <line number="504" hits="22"/>
                <line number="505" hits="22"/>
              </lines>
            </method>
            <method name="lead" signature="" line-rate="1" branch-rate="0" complexity="1">
              <lines>
                <line number="513" hits="21"/>
                <line number="514" hits="21"/>
                <line number="515" hits="21"/>
                <line number="516" hits="21"/>
                <line number="517" hits="21"/>
              </lines>
            </method>
            <method name="leads" signature="" line-rate="1" branch-rate="0" complexity="1">
              <lines>
                <line number="525" hits="22"/>
                <line number="526" hits="22"/>
                <line number="527" hits="22"/>
                <line number="528" hits="22"/>
                <line number="529" hits="22"/>
              </lines>
            </method>
            <method name="opportunity" signature="" line-rate="1" branch-rate="0" complexity="1">
              <lines>
                <line number="537" hits="21"/>
                <line number="538" hits="21"/>
                <line number="539" hits="21"/>
                <line number="540" hits="21"/>
                <line number="541" hits="21"/>
              </lines>
            </method>
            <method name="opportunities" signature="" line-rate="1" branch-rate="0" complexity="1">
              <lines>
                <line number="549" hits="22"/>
                <line number="550" hits="22"/>
                <line number="551" hits="22"/>
                <line number="552" hits="22"/>
                <line number="553" hits="22"/>
              </lines>
            </method>
            <method name="plan" signature="" line-rate="1" branch-rate="0" complexity="1">
              <lines>
                <line number="561" hits="21"/>
                <line number="562" hits="21"/>
                <line number="563" hits="21"/>
                <line number="564" hits="21"/>
                <line number="565" hits="21"/>
              </lines>
            </method>
            <method name="plans" signature="" line-rate="1" branch-rate="0" complexity="1">
              <lines>
                <line number="573" hits="22"/>
                <line number="574" hits="22"/>
                <line number="575" hits="22"/>
                <line number="576" hits="22"/>
                <line number="577" hits="22"/>
              </lines>
            </method>
            <method name="region" signature="" line-rate="1" branch-rate="0" complexity="1">
              <lines>
                <line number="585" hits="21"/>
                <line number="586" hits="21"/>
                <line number="587" hits="21"/>
                <line number="588" hits="21"/>
                <line number="589" hits="21"/>
              </lines>
            </method>
            <method name="regions" signature="" line-rate="1" branch-rate="0" complexity="1">
              <lines>
                <line number="597" hits="22"/>
                <line number="598" hits="22"/>
                <line number="599" hits="22"/>
                <line number="600" hits="22"/>
                <line number="601" hits="22"/>
              </lines>
            </method>
            <method name="report" signature="" line-rate="1" branch-rate="0" complexity="1">
              <lines>
                <line number="609" hits="21"/>
                <line number="610" hits="21"/>
                <line number="611" hits="21"/>
                <line number="612" hits="21"/>
                <line number="613" hits="21"/>
              </lines>
            </method>
            <method name="reports" signature="" line-rate="1" branch-rate="0" complexity="1">
              <lines>
                <line number="621" hits="22"/>
                <line number="622" hits="22"/>
                <line number="623" hits="22"/>
                <line number="624" hits="22"/>
                <line number="625" hits="22"/>
              </lines>
            </method>
            <method name="source" signature="" line-rate="1" branch-rate="0" complexity="1">
              <lines>
                <line number="633" hits="21"/>
                <line number="634" hits="21"/>
                <line number="635" hits="21"/>
                <line number="636" hits="21"/>
                <line number="637" hits="21"/>
              </lines>
            </method>
            <method name="sources" signature="" line-rate="1" branch-rate="0" complexity="1">
              <lines>
                <line number="645" hits="22"/>
                <line number="646" hits="22"/>
                <line number="647" hits="22"/>
                <line number="648" hits="22"/>
                <line number="649" hits="22"/>
              </lines>
            </method>
            <method name="task" signature="" line-rate="1" branch-rate="0" complexity="1">
              <lines>
                <line number="657" hits="21"/>
                <line number="658" hits="21"/>
                <line number="659" hits="21"/>
                <line number="660" hits="21"/>
                <line number="661" hits="21"/>
              </lines>
            </method>
            <method name="tasks" signature="" line-rate="1" branch-rate="0" complexity="1">
              <lines>
                <line number="669" hits="22"/>
                <line number="670" hits="22"/>
                <line number="671" hits="22"/>
                <line number="672" hits="22"/>
                <line number="673" hits="22"/>
              </lines>
            </method>
            <method name="teammate" signature="" line-rate="1" branch-rate="0" complexity="1">
              <lines>
                <line number="681" hits="21"/>
                <line number="682" hits="21"/>
                <line number="683" hits="21"/>
                <line number="684" hits="21"/>
                <line number="685" hits="21"/>
              </lines>
            </method>
            <method name="teammates" signature="" line-rate="1" branch-rate="0" complexity="1">
              <lines>
                <line number="693" hits="22"/>
                <line number="694" hits="22"/>
                <line number="695" hits="22"/>
                <line number="696" hits="22"/>
                <line number="697" hits="22"/>
              </lines>
            </method>
            <method name="team" signature="" line-rate="1" branch-rate="0" complexity="1">
              <lines>
                <line number="705" hits="21"/>
                <line number="706" hits="21"/>
                <line number="707" hits="21"/>
                <line number="708" hits="21"/>
                <line number="709" hits="21"/>
              </lines>
            </method>
            <method name="teams" signature="" line-rate="1" branch-rate="0" complexity="1">
              <lines>
                <line number="717" hits="22"/>
                <line number="718" hits="22"/>
                <line number="719" hits="22"/>
                <line number="720" hits="22"/>
                <line number="721" hits="22"/>
              </lines>
            </method>
          </methods>
          <lines>
            <line number="363" hits="66"/>
            <line number="364" hits="66"/>
            <line number="365" hits="66"/>
            <line number="366" hits="66"/>
            <line number="367" hits="66"/>
            <line number="368" hits="66"/>
            <line number="369" hits="66"/>
            <line number="370" hits="66"/>
            <line number="371" hits="66"/>
            <line number="372" hits="66"/>
            <line number="373" hits="66"/>
            <line number="374" hits="66"/>
            <line number="375" hits="66"/>
            <line number="376" hits="66"/>
            <line number="377" hits="66"/>
            <line number="378" hits="66"/>
            <line number="379" hits="66"/>
            <line number="380" hits="66"/>
            <line number="381" hits="66"/>
            <line number="382" hits="66"/>
            <line number="383" hits="66"/>
            <line number="384" hits="66"/>
            <line number="385" hits="66"/>
            <line number="386" hits="66"/>
            <line number="387" hits="66"/>
            <line number="388" hits="66"/>
            <line number="389" hits="66"/>
            <line number="390" hits="66"/>
            <line number="391" hits="66"/>
            <line number="392" hits="66"/>
            <line number="393" hits="66"/>
            <line number="394" hits="66"/>
            <line number="395" hits="66"/>
            <line number="396" hits="66"/>
            <line number="397" hits="66"/>
            <line number="398" hits="66"/>
            <line number="399" hits="66"/>
            <line number="400" hits="66"/>
            <line number="401" hits="66"/>
            <line number="402" hits="66"/>
            <line number="403" hits="66"/>
            <line number="404" hits="66"/>
            <line number="405" hits="66"/>
            <line number="406" hits="66"/>
            <line number="407" hits="66"/>
            <line number="408" hits="66"/>
            <line number="409" hits="66"/>
            <line number="410" hits="66"/>
            <line number="411" hits="66"/>
            <line number="412" hits="66"/>
            <line number="413" hits="66"/>
            <line number="414" hits="66"/>
            <line number="415" hits="66"/>
            <line number="416" hits="66"/>
            <line number="417" hits="66"/>
            <line number="418" hits="66"/>
            <line number="419" hits="66"/>
            <line number="420" hits="66"/>
            <line number="421" hits="66"/>
            <line number="422" hits="66"/>
            <line number="423" hits="66"/>
            <line number="424" hits="66"/>
            <line number="425" hits="66"/>
            <line number="426" hits="66"/>
            <line number="427" hits="66"/>
            <line number="428" hits="66"/>
            <line number="429" hits="66"/>
            <line number="430" hits="66"/>
            <line number="431" hits="66"/>
            <line number="432" hits="66"/>
            <line number="433" hits="66"/>
            <line number="434" hits="66"/>
            <line number="435" hits="66"/>
            <line number="436" hits="66"/>
            <line number="437" hits="66"/>
            <line number="438" hits="66"/>
            <line number="439" hits="66"/>
            <line number="440" hits="66"/>
            <line number="441" hits="66"/>
            <line number="442" hits="66"/>
            <line number="443" hits="66"/>
            <line number="444" hits="66"/>
            <line number="445" hits="66"/>
            <line number="446" hits="66"/>
            <line number="447" hits="66"/>
            <line number="448" hits="66"/>
            <line number="449" hits="66"/>
            <line number="450" hits="66"/>
            <line number="451" hits="66"/>
            <line number="452" hits="66"/>
            <line number="453" hits="66"/>
            <line number="454" hits="66"/>
            <line number="455" hits="66"/>
            <line number="456" hits="66"/>
            <line number="457" hits="66"/>
            <line number="465" hits="21"/>
            <line number="466" hits="21"/>
            <line number="467" hits="21"/>
            <line number="468" hits="21"/>
            <line number="469" hits="21"/>
            <line number="477" hits="22"/>
            <line number="478" hits="22"/>
            <line number="479" hits="22"/>
            <line number="480" hits="22"/>
            <line number="481" hits="22"/>
            <line number="489" hits="21"/>
            <line number="490" hits="21"/>
            <line number="491" hits="21"/>
            <line number="492" hits="21"/>
            <line number="493" hits="21"/>
            <line number="501" hits="22"/>
            <line number="502" hits="22"/>
            <line number="503" hits="22"/>
            <line number="504" hits="22"/>
            <line number="505" hits="22"/>
            <line number="513" hits="21"/>
            <line number="514" hits="21"/>
            <line number="515" hits="21"/>
            <line number="516" hits="21"/>
            <line number="517" hits="21"/>
            <line number="525" hits="22"/>
            <line number="526" hits="22"/>
            <line number="527" hits="22"/>
            <line number="528" hits="22"/>
            <line number="529" hits="22"/>
            <line number="537" hits="21"/>
            <line number="538" hits="21"/>
            <line number="539" hits="21"/>
            <line number="540" hits="21"/>
            <line number="541" hits="21"/>
            <line number="549" hits="22"/>
            <line number="550" hits="22"/>
            <line number="551" hits="22"/>
            <line number="552" hits="22"/>
            <line number="553" hits="22"/>
            <line number="561" hits="21"/>
            <line number="562" hits="21"/>
            <line number="563" hits="21"/>
            <line number="564" hits="21"/>
            <line number="565" hits="21"/>
            <line number="573" hits="22"/>
            <line number="574" hits="22"/>
            <line number="575" hits="22"/>
            <line number="576" hits="22"/>
            <line number="577" hits="22"/>
            <line number="585" hits="21"/>
            <line number="586" hits="21"/>
            <line number="587" hits="21"/>
            <line number="588" hits="21"/>
            <line number="589" hits="21"/>
            <line number="597" hits="22"/>
            <line number="598" hits="22"/>
            <line number="599" hits="22"/>
            <line number="600" hits="22"/>
            <line number="601" hits="22"/>
            <line number="609" hits="21"/>
            <line number="610" hits="21"/>
            <line number="611" hits="21"/>
            <line number="612" hits="21"/>
            <line number="613" hits="21"/>
            <line number="621" hits="22"/>
            <line number="622" hits="22"/>
            <line number="623" hits="22"/>
            <line number="624" hits="22"/>
            <line number="625" hits="22"/>
            <line number="633" hits="21"/>
            <line number="634" hits="21"/>
            <line number="635" hits="21"/>
            <line number="636" hits="21"/>
            <line number="637" hits="21"/>
            <line number="645" hits="22"/>
            <line number="646" hits="22"/>
            <line number="647" hits="22"/>
            <line number="648" hits="22"/>
            <line number="649" hits="22"/>
            <line number="657" hits="21"/>
            <line number="658" hits="21"/>
            <line number="659" hits="21"/>
            <line number="660" hits="21"/>
            <line number="661" hits="21"/>
            <line number="669" hits="22"/>
            <line number="670" hits="22"/>
            <line number="671" hits="22"/>
            <line number="672" hits="22"/>
            <line number="673" hits="22"/>
            <line number="681" hits="21"/>
            <line number="682" hits="21"/>
            <line number="683" hits="21"/>
            <line number="684" hits="21"/>
            <line number="685" hits="21"/>
            <line number="693" hits="22"/>
            <line number="694" hits="22"/>
            <line number="695" hits="22"/>
            <line number="696" hits="22"/>
            <line number="697" hits="22"/>
            <line number="705" hits="21"/>
            <line number="706" hits="21"/>
            <line number="707" hits="21"/>
            <line number="708" hits="21"/>
            <line number="709" hits="21"/>
            <line number="717" hits="22"/>
            <line number="718" hits="22"/>
            <line number="719" hits="22"/>
            <line number="720" hits="22"/>
            <line number="721" hits="22"/>
          </lines>
        </class>
      </classes>
    </package>
    <package name="Models/Opportunity.php" line-rate="0" branch-rate="0" complexity="0">
      <classes>
        <class name="Playground\Lead\Models\Opportunity" filename="Models/Opportunity.php" line-rate="0" branch-rate="0" complexity="0">
          <methods/>
          <lines/>
        </class>
      </classes>
    </package>
    <package name="Models/Plan.php" line-rate="0" branch-rate="0" complexity="0">
      <classes>
        <class name="Playground\Lead\Models\Plan" filename="Models/Plan.php" line-rate="0" branch-rate="0" complexity="0">
          <methods/>
          <lines/>
        </class>
      </classes>
    </package>
    <package name="Models/Region.php" line-rate="0" branch-rate="0" complexity="0">
      <classes>
        <class name="Playground\Lead\Models\Region" filename="Models/Region.php" line-rate="0" branch-rate="0" complexity="0">
          <methods/>
          <lines/>
        </class>
      </classes>
    </package>
    <package name="Models/Report.php" line-rate="0" branch-rate="0" complexity="0">
      <classes>
        <class name="Playground\Lead\Models\Report" filename="Models/Report.php" line-rate="0" branch-rate="0" complexity="0">
          <methods/>
          <lines/>
        </class>
      </classes>
    </package>
    <package name="Models/Source.php" line-rate="0" branch-rate="0" complexity="0">
      <classes>
        <class name="Playground\Lead\Models\Source" filename="Models/Source.php" line-rate="0" branch-rate="0" complexity="0">
          <methods/>
          <lines/>
        </class>
      </classes>
    </package>
    <package name="Models/Task.php" line-rate="0" branch-rate="0" complexity="0">
      <classes>
        <class name="Playground\Lead\Models\Task" filename="Models/Task.php" line-rate="0" branch-rate="0" complexity="0">
          <methods/>
          <lines/>
        </class>
      </classes>
    </package>
    <package name="Models/Team.php" line-rate="0" branch-rate="0" complexity="0">
      <classes>
        <class name="Playground\Lead\Models\Team" filename="Models/Team.php" line-rate="0" branch-rate="0" complexity="0">
          <methods/>
          <lines/>
        </class>
      </classes>
    </package>
    <package name="Models/Teammate.php" line-rate="0" branch-rate="0" complexity="0">
      <classes>
        <class name="Playground\Lead\Models\Teammate" filename="Models/Teammate.php" line-rate="0" branch-rate="0" complexity="0">
          <methods/>
          <lines/>
        </class>
      </classes>
    </package>
    <package name="ServiceProvider.php" line-rate="1" branch-rate="0" complexity="15">
      <classes>
        <class name="Playground\Lead\ServiceProvider" filename="ServiceProvider.php" line-rate="1" branch-rate="0" complexity="15">
          <methods>
            <method name="boot" signature="" line-rate="1" branch-rate="0" complexity="6">
              <lines>
                <line number="32" hits="67"/>
                <line number="34" hits="67"/>
                <line number="36" hits="67"/>
                <line number="38" hits="67"/>
                <line number="39" hits="67"/>
                <line number="40" hits="67"/>
                <line number="43" hits="67"/>
                <line number="46" hits="67"/>
                <line number="47" hits="66"/>
                <line number="52" hits="67"/>
                <line number="53" hits="67"/>
              </lines>
            </method>
            <method name="register" signature="" line-rate="1" branch-rate="0" complexity="1">
              <lines>
                <line number="62" hits="67"/>
                <line number="63" hits="67"/>
                <line number="64" hits="67"/>
                <line number="65" hits="67"/>
              </lines>
            </method>
            <method name="publishMigrations" signature="" line-rate="1" branch-rate="0" complexity="2">
              <lines>
                <line number="73" hits="67"/>
                <line number="75" hits="67"/>
                <line number="76" hits="67"/>
                <line number="77" hits="67"/>
                <line number="78" hits="67"/>
                <line number="79" hits="67"/>
                <line number="80" hits="67"/>
                <line number="81" hits="67"/>
                <line number="82" hits="67"/>
                <line number="83" hits="67"/>
                <line number="84" hits="67"/>
                <line number="85" hits="67"/>
                <line number="86" hits="67"/>
                <line number="87" hits="67"/>
                <line number="88" hits="67"/>
                <line number="91" hits="67"/>
              </lines>
            </method>
            <method name="about" signature="" line-rate="1" branch-rate="0" complexity="5">
              <lines>
                <line number="96" hits="67"/>
                <line number="97" hits="67"/>
                <line number="99" hits="67"/>
                <line number="101" hits="67"/>
                <line number="103" hits="67"/>
                <line number="104" hits="67"/>
                <line number="105" hits="67"/>
                <line number="106" hits="67"/>
                <line number="107" hits="67"/>
              </lines>
            </method>
            <method name="version" signature="" line-rate="1" branch-rate="0" complexity="1">
              <lines>
                <line number="112" hits="67"/>
              </lines>
            </method>
          </methods>
          <lines>
            <line number="32" hits="67"/>
            <line number="34" hits="67"/>
            <line number="36" hits="67"/>
            <line number="38" hits="67"/>
            <line number="39" hits="67"/>
            <line number="40" hits="67"/>
            <line number="43" hits="67"/>
            <line number="46" hits="67"/>
            <line number="47" hits="66"/>
            <line number="52" hits="67"/>
            <line number="53" hits="67"/>
            <line number="62" hits="67"/>
            <line number="63" hits="67"/>
            <line number="64" hits="67"/>
            <line number="65" hits="67"/>
            <line number="73" hits="67"/>
            <line number="75" hits="67"/>
            <line number="76" hits="67"/>
            <line number="77" hits="67"/>
            <line number="78" hits="67"/>
            <line number="79" hits="67"/>
            <line number="80" hits="67"/>
            <line number="81" hits="67"/>
            <line number="82" hits="67"/>
            <line number="83" hits="67"/>
            <line number="84" hits="67"/>
            <line number="85" hits="67"/>
            <line number="86" hits="67"/>
            <line number="87" hits="67"/>
            <line number="88" hits="67"/>
            <line number="91" hits="67"/>
            <line number="96" hits="67"/>
            <line number="97" hits="67"/>
            <line number="99" hits="67"/>
            <line number="101" hits="67"/>
            <line number="103" hits="67"/>
            <line number="104" hits="67"/>
            <line number="105" hits="67"/>
            <line number="106" hits="67"/>
            <line number="107" hits="67"/>
            <line number="112" hits="67"/>
          </lines>
        </class>
      </classes>
    </package>
  </packages>
</coverage>
