<?xml version="1.0" encoding="UTF-8"?>
<!DOCTYPE coverage SYSTEM "http://cobertura.sourceforge.net/xml/coverage-04.dtd">
<coverage line-rate="1" branch-rate="0" lines-covered="1744" lines-valid="1744" branches-covered="0" branches-valid="0" complexity="135" version="0.4" timestamp="1723865041">
  <sources>
    <source>/app/src</source>
  </sources>
  <packages>
    <package name="Models/Campaign.php" line-rate="1" branch-rate="0" complexity="11">
      <classes>
        <class name="Playground\Lead\Models\Campaign" filename="Models/Campaign.php" line-rate="1" branch-rate="0" complexity="11">
          <methods>
            <method name="casts" signature="" line-rate="1" branch-rate="0" complexity="1">
              <lines>
                <line number="392" hits="26"/>
                <line number="393" hits="26"/>
                <line number="394" hits="26"/>
                <line number="395" hits="26"/>
                <line number="396" hits="26"/>
                <line number="397" hits="26"/>
                <line number="398" hits="26"/>
                <line number="399" hits="26"/>
                <line number="400" hits="26"/>
                <line number="401" hits="26"/>
                <line number="402" hits="26"/>
                <line number="403" hits="26"/>
                <line number="404" hits="26"/>
                <line number="405" hits="26"/>
                <line number="406" hits="26"/>
                <line number="407" hits="26"/>
                <line number="408" hits="26"/>
                <line number="409" hits="26"/>
                <line number="410" hits="26"/>
                <line number="411" hits="26"/>
                <line number="412" hits="26"/>
                <line number="413" hits="26"/>
                <line number="414" hits="26"/>
                <line number="415" hits="26"/>
                <line number="416" hits="26"/>
                <line number="417" hits="26"/>
                <line number="418" hits="26"/>
                <line number="419" hits="26"/>
                <line number="420" hits="26"/>
                <line number="421" hits="26"/>
                <line number="422" hits="26"/>
                <line number="423" hits="26"/>
                <line number="424" hits="26"/>
                <line number="425" hits="26"/>
                <line number="426" hits="26"/>
                <line number="427" hits="26"/>
                <line number="428" hits="26"/>
                <line number="429" hits="26"/>
                <line number="430" hits="26"/>
                <line number="431" hits="26"/>
                <line number="432" hits="26"/>
                <line number="433" hits="26"/>
                <line number="434" hits="26"/>
                <line number="435" hits="26"/>
                <line number="436" hits="26"/>
                <line number="437" hits="26"/>
                <line number="438" hits="26"/>
                <line number="439" hits="26"/>
                <line number="440" hits="26"/>
                <line number="441" hits="26"/>
                <line number="442" hits="26"/>
                <line number="443" hits="26"/>
                <line number="444" hits="26"/>
                <line number="445" hits="26"/>
                <line number="446" hits="26"/>
                <line number="447" hits="26"/>
                <line number="448" hits="26"/>
                <line number="449" hits="26"/>
                <line number="450" hits="26"/>
                <line number="451" hits="26"/>
                <line number="452" hits="26"/>
                <line number="453" hits="26"/>
                <line number="454" hits="26"/>
                <line number="455" hits="26"/>
                <line number="456" hits="26"/>
                <line number="457" hits="26"/>
                <line number="458" hits="26"/>
                <line number="459" hits="26"/>
                <line number="460" hits="26"/>
                <line number="461" hits="26"/>
                <line number="462" hits="26"/>
                <line number="463" hits="26"/>
                <line number="464" hits="26"/>
                <line number="465" hits="26"/>
                <line number="466" hits="26"/>
                <line number="467" hits="26"/>
                <line number="468" hits="26"/>
                <line number="469" hits="26"/>
                <line number="470" hits="26"/>
                <line number="471" hits="26"/>
                <line number="472" hits="26"/>
                <line number="473" hits="26"/>
                <line number="474" hits="26"/>
                <line number="475" hits="26"/>
                <line number="476" hits="26"/>
                <line number="477" hits="26"/>
                <line number="478" hits="26"/>
                <line number="479" hits="26"/>
                <line number="480" hits="26"/>
                <line number="481" hits="26"/>
                <line number="482" hits="26"/>
                <line number="483" hits="26"/>
                <line number="484" hits="26"/>
                <line number="485" hits="26"/>
                <line number="486" hits="26"/>
                <line number="487" hits="26"/>
                <line number="488" hits="26"/>
                <line number="489" hits="26"/>
                <line number="490" hits="26"/>
                <line number="491" hits="26"/>
                <line number="492" hits="26"/>
                <line number="493" hits="26"/>
                <line number="494" hits="26"/>
                <line number="495" hits="26"/>
                <line number="496" hits="26"/>
              </lines>
            </method>
            <method name="goal" signature="" line-rate="1" branch-rate="0" complexity="1">
              <lines>
                <line number="506" hits="2"/>
                <line number="507" hits="2"/>
                <line number="508" hits="2"/>
                <line number="509" hits="2"/>
                <line number="510" hits="2"/>
              </lines>
            </method>
            <method name="lead" signature="" line-rate="1" branch-rate="0" complexity="1">
              <lines>
                <line number="520" hits="2"/>
                <line number="521" hits="2"/>
                <line number="522" hits="2"/>
                <line number="523" hits="2"/>
                <line number="524" hits="2"/>
              </lines>
            </method>
            <method name="opportunity" signature="" line-rate="1" branch-rate="0" complexity="1">
              <lines>
                <line number="534" hits="2"/>
                <line number="535" hits="2"/>
                <line number="536" hits="2"/>
                <line number="537" hits="2"/>
                <line number="538" hits="2"/>
              </lines>
            </method>
            <method name="plan" signature="" line-rate="1" branch-rate="0" complexity="1">
              <lines>
                <line number="548" hits="2"/>
                <line number="549" hits="2"/>
                <line number="550" hits="2"/>
                <line number="551" hits="2"/>
                <line number="552" hits="2"/>
              </lines>
            </method>
            <method name="region" signature="" line-rate="1" branch-rate="0" complexity="1">
              <lines>
                <line number="562" hits="2"/>
                <line number="563" hits="2"/>
                <line number="564" hits="2"/>
                <line number="565" hits="2"/>
                <line number="566" hits="2"/>
              </lines>
            </method>
            <method name="report" signature="" line-rate="1" branch-rate="0" complexity="1">
              <lines>
                <line number="576" hits="2"/>
                <line number="577" hits="2"/>
                <line number="578" hits="2"/>
                <line number="579" hits="2"/>
                <line number="580" hits="2"/>
              </lines>
            </method>
            <method name="source" signature="" line-rate="1" branch-rate="0" complexity="1">
              <lines>
                <line number="590" hits="2"/>
                <line number="591" hits="2"/>
                <line number="592" hits="2"/>
                <line number="593" hits="2"/>
                <line number="594" hits="2"/>
              </lines>
            </method>
            <method name="task" signature="" line-rate="1" branch-rate="0" complexity="1">
              <lines>
                <line number="604" hits="2"/>
                <line number="605" hits="2"/>
                <line number="606" hits="2"/>
                <line number="607" hits="2"/>
                <line number="608" hits="2"/>
              </lines>
            </method>
            <method name="team" signature="" line-rate="1" branch-rate="0" complexity="1">
              <lines>
                <line number="618" hits="2"/>
                <line number="619" hits="2"/>
                <line number="620" hits="2"/>
                <line number="621" hits="2"/>
                <line number="622" hits="2"/>
              </lines>
            </method>
            <method name="teammate" signature="" line-rate="1" branch-rate="0" complexity="1">
              <lines>
                <line number="632" hits="2"/>
                <line number="633" hits="2"/>
                <line number="634" hits="2"/>
                <line number="635" hits="2"/>
                <line number="636" hits="2"/>
              </lines>
            </method>
          </methods>
          <lines>
            <line number="392" hits="26"/>
            <line number="393" hits="26"/>
            <line number="394" hits="26"/>
            <line number="395" hits="26"/>
            <line number="396" hits="26"/>
            <line number="397" hits="26"/>
            <line number="398" hits="26"/>
            <line number="399" hits="26"/>
            <line number="400" hits="26"/>
            <line number="401" hits="26"/>
            <line number="402" hits="26"/>
            <line number="403" hits="26"/>
            <line number="404" hits="26"/>
            <line number="405" hits="26"/>
            <line number="406" hits="26"/>
            <line number="407" hits="26"/>
            <line number="408" hits="26"/>
            <line number="409" hits="26"/>
            <line number="410" hits="26"/>
            <line number="411" hits="26"/>
            <line number="412" hits="26"/>
            <line number="413" hits="26"/>
            <line number="414" hits="26"/>
            <line number="415" hits="26"/>
            <line number="416" hits="26"/>
            <line number="417" hits="26"/>
            <line number="418" hits="26"/>
            <line number="419" hits="26"/>
            <line number="420" hits="26"/>
            <line number="421" hits="26"/>
            <line number="422" hits="26"/>
            <line number="423" hits="26"/>
            <line number="424" hits="26"/>
            <line number="425" hits="26"/>
            <line number="426" hits="26"/>
            <line number="427" hits="26"/>
            <line number="428" hits="26"/>
            <line number="429" hits="26"/>
            <line number="430" hits="26"/>
            <line number="431" hits="26"/>
            <line number="432" hits="26"/>
            <line number="433" hits="26"/>
            <line number="434" hits="26"/>
            <line number="435" hits="26"/>
            <line number="436" hits="26"/>
            <line number="437" hits="26"/>
            <line number="438" hits="26"/>
            <line number="439" hits="26"/>
            <line number="440" hits="26"/>
            <line number="441" hits="26"/>
            <line number="442" hits="26"/>
            <line number="443" hits="26"/>
            <line number="444" hits="26"/>
            <line number="445" hits="26"/>
            <line number="446" hits="26"/>
            <line number="447" hits="26"/>
            <line number="448" hits="26"/>
            <line number="449" hits="26"/>
            <line number="450" hits="26"/>
            <line number="451" hits="26"/>
            <line number="452" hits="26"/>
            <line number="453" hits="26"/>
            <line number="454" hits="26"/>
            <line number="455" hits="26"/>
            <line number="456" hits="26"/>
            <line number="457" hits="26"/>
            <line number="458" hits="26"/>
            <line number="459" hits="26"/>
            <line number="460" hits="26"/>
            <line number="461" hits="26"/>
            <line number="462" hits="26"/>
            <line number="463" hits="26"/>
            <line number="464" hits="26"/>
            <line number="465" hits="26"/>
            <line number="466" hits="26"/>
            <line number="467" hits="26"/>
            <line number="468" hits="26"/>
            <line number="469" hits="26"/>
            <line number="470" hits="26"/>
            <line number="471" hits="26"/>
            <line number="472" hits="26"/>
            <line number="473" hits="26"/>
            <line number="474" hits="26"/>
            <line number="475" hits="26"/>
            <line number="476" hits="26"/>
            <line number="477" hits="26"/>
            <line number="478" hits="26"/>
            <line number="479" hits="26"/>
            <line number="480" hits="26"/>
            <line number="481" hits="26"/>
            <line number="482" hits="26"/>
            <line number="483" hits="26"/>
            <line number="484" hits="26"/>
            <line number="485" hits="26"/>
            <line number="486" hits="26"/>
            <line number="487" hits="26"/>
            <line number="488" hits="26"/>
            <line number="489" hits="26"/>
            <line number="490" hits="26"/>
            <line number="491" hits="26"/>
            <line number="492" hits="26"/>
            <line number="493" hits="26"/>
            <line number="494" hits="26"/>
            <line number="495" hits="26"/>
            <line number="496" hits="26"/>
            <line number="506" hits="2"/>
            <line number="507" hits="2"/>
            <line number="508" hits="2"/>
            <line number="509" hits="2"/>
            <line number="510" hits="2"/>
            <line number="520" hits="2"/>
            <line number="521" hits="2"/>
            <line number="522" hits="2"/>
            <line number="523" hits="2"/>
            <line number="524" hits="2"/>
            <line number="534" hits="2"/>
            <line number="535" hits="2"/>
            <line number="536" hits="2"/>
            <line number="537" hits="2"/>
            <line number="538" hits="2"/>
            <line number="548" hits="2"/>
            <line number="549" hits="2"/>
            <line number="550" hits="2"/>
            <line number="551" hits="2"/>
            <line number="552" hits="2"/>
            <line number="562" hits="2"/>
            <line number="563" hits="2"/>
            <line number="564" hits="2"/>
            <line number="565" hits="2"/>
            <line number="566" hits="2"/>
            <line number="576" hits="2"/>
            <line number="577" hits="2"/>
            <line number="578" hits="2"/>
            <line number="579" hits="2"/>
            <line number="580" hits="2"/>
            <line number="590" hits="2"/>
            <line number="591" hits="2"/>
            <line number="592" hits="2"/>
            <line number="593" hits="2"/>
            <line number="594" hits="2"/>
            <line number="604" hits="2"/>
            <line number="605" hits="2"/>
            <line number="606" hits="2"/>
            <line number="607" hits="2"/>
            <line number="608" hits="2"/>
            <line number="618" hits="2"/>
            <line number="619" hits="2"/>
            <line number="620" hits="2"/>
            <line number="621" hits="2"/>
            <line number="622" hits="2"/>
            <line number="632" hits="2"/>
            <line number="633" hits="2"/>
            <line number="634" hits="2"/>
            <line number="635" hits="2"/>
            <line number="636" hits="2"/>
          </lines>
        </class>
      </classes>
    </package>
    <package name="Models/Goal.php" line-rate="1" branch-rate="0" complexity="11">
      <classes>
        <class name="Playground\Lead\Models\Goal" filename="Models/Goal.php" line-rate="1" branch-rate="0" complexity="11">
          <methods>
            <method name="casts" signature="" line-rate="1" branch-rate="0" complexity="1">
              <lines>
                <line number="392" hits="26"/>
                <line number="393" hits="26"/>
                <line number="394" hits="26"/>
                <line number="395" hits="26"/>
                <line number="396" hits="26"/>
                <line number="397" hits="26"/>
                <line number="398" hits="26"/>
                <line number="399" hits="26"/>
                <line number="400" hits="26"/>
                <line number="401" hits="26"/>
                <line number="402" hits="26"/>
                <line number="403" hits="26"/>
                <line number="404" hits="26"/>
                <line number="405" hits="26"/>
                <line number="406" hits="26"/>
                <line number="407" hits="26"/>
                <line number="408" hits="26"/>
                <line number="409" hits="26"/>
                <line number="410" hits="26"/>
                <line number="411" hits="26"/>
                <line number="412" hits="26"/>
                <line number="413" hits="26"/>
                <line number="414" hits="26"/>
                <line number="415" hits="26"/>
                <line number="416" hits="26"/>
                <line number="417" hits="26"/>
                <line number="418" hits="26"/>
                <line number="419" hits="26"/>
                <line number="420" hits="26"/>
                <line number="421" hits="26"/>
                <line number="422" hits="26"/>
                <line number="423" hits="26"/>
                <line number="424" hits="26"/>
                <line number="425" hits="26"/>
                <line number="426" hits="26"/>
                <line number="427" hits="26"/>
                <line number="428" hits="26"/>
                <line number="429" hits="26"/>
                <line number="430" hits="26"/>
                <line number="431" hits="26"/>
                <line number="432" hits="26"/>
                <line number="433" hits="26"/>
                <line number="434" hits="26"/>
                <line number="435" hits="26"/>
                <line number="436" hits="26"/>
                <line number="437" hits="26"/>
                <line number="438" hits="26"/>
                <line number="439" hits="26"/>
                <line number="440" hits="26"/>
                <line number="441" hits="26"/>
                <line number="442" hits="26"/>
                <line number="443" hits="26"/>
                <line number="444" hits="26"/>
                <line number="445" hits="26"/>
                <line number="446" hits="26"/>
                <line number="447" hits="26"/>
                <line number="448" hits="26"/>
                <line number="449" hits="26"/>
                <line number="450" hits="26"/>
                <line number="451" hits="26"/>
                <line number="452" hits="26"/>
                <line number="453" hits="26"/>
                <line number="454" hits="26"/>
                <line number="455" hits="26"/>
                <line number="456" hits="26"/>
                <line number="457" hits="26"/>
                <line number="458" hits="26"/>
                <line number="459" hits="26"/>
                <line number="460" hits="26"/>
                <line number="461" hits="26"/>
                <line number="462" hits="26"/>
                <line number="463" hits="26"/>
                <line number="464" hits="26"/>
                <line number="465" hits="26"/>
                <line number="466" hits="26"/>
                <line number="467" hits="26"/>
                <line number="468" hits="26"/>
                <line number="469" hits="26"/>
                <line number="470" hits="26"/>
                <line number="471" hits="26"/>
                <line number="472" hits="26"/>
                <line number="473" hits="26"/>
                <line number="474" hits="26"/>
                <line number="475" hits="26"/>
                <line number="476" hits="26"/>
                <line number="477" hits="26"/>
                <line number="478" hits="26"/>
                <line number="479" hits="26"/>
                <line number="480" hits="26"/>
                <line number="481" hits="26"/>
                <line number="482" hits="26"/>
                <line number="483" hits="26"/>
                <line number="484" hits="26"/>
                <line number="485" hits="26"/>
                <line number="486" hits="26"/>
                <line number="487" hits="26"/>
                <line number="488" hits="26"/>
                <line number="489" hits="26"/>
                <line number="490" hits="26"/>
                <line number="491" hits="26"/>
                <line number="492" hits="26"/>
                <line number="493" hits="26"/>
                <line number="494" hits="26"/>
                <line number="495" hits="26"/>
                <line number="496" hits="26"/>
              </lines>
            </method>
            <method name="campaign" signature="" line-rate="1" branch-rate="0" complexity="1">
              <lines>
                <line number="506" hits="2"/>
                <line number="507" hits="2"/>
                <line number="508" hits="2"/>
                <line number="509" hits="2"/>
                <line number="510" hits="2"/>
              </lines>
            </method>
            <method name="lead" signature="" line-rate="1" branch-rate="0" complexity="1">
              <lines>
                <line number="520" hits="2"/>
                <line number="521" hits="2"/>
                <line number="522" hits="2"/>
                <line number="523" hits="2"/>
                <line number="524" hits="2"/>
              </lines>
            </method>
            <method name="opportunity" signature="" line-rate="1" branch-rate="0" complexity="1">
              <lines>
                <line number="534" hits="2"/>
                <line number="535" hits="2"/>
                <line number="536" hits="2"/>
                <line number="537" hits="2"/>
                <line number="538" hits="2"/>
              </lines>
            </method>
            <method name="plan" signature="" line-rate="1" branch-rate="0" complexity="1">
              <lines>
                <line number="548" hits="2"/>
                <line number="549" hits="2"/>
                <line number="550" hits="2"/>
                <line number="551" hits="2"/>
                <line number="552" hits="2"/>
              </lines>
            </method>
            <method name="region" signature="" line-rate="1" branch-rate="0" complexity="1">
              <lines>
                <line number="562" hits="2"/>
                <line number="563" hits="2"/>
                <line number="564" hits="2"/>
                <line number="565" hits="2"/>
                <line number="566" hits="2"/>
              </lines>
            </method>
            <method name="report" signature="" line-rate="1" branch-rate="0" complexity="1">
              <lines>
                <line number="576" hits="2"/>
                <line number="577" hits="2"/>
                <line number="578" hits="2"/>
                <line number="579" hits="2"/>
                <line number="580" hits="2"/>
              </lines>
            </method>
            <method name="source" signature="" line-rate="1" branch-rate="0" complexity="1">
              <lines>
                <line number="590" hits="2"/>
                <line number="591" hits="2"/>
                <line number="592" hits="2"/>
                <line number="593" hits="2"/>
                <line number="594" hits="2"/>
              </lines>
            </method>
            <method name="task" signature="" line-rate="1" branch-rate="0" complexity="1">
              <lines>
                <line number="604" hits="2"/>
                <line number="605" hits="2"/>
                <line number="606" hits="2"/>
                <line number="607" hits="2"/>
                <line number="608" hits="2"/>
              </lines>
            </method>
            <method name="team" signature="" line-rate="1" branch-rate="0" complexity="1">
              <lines>
                <line number="618" hits="2"/>
                <line number="619" hits="2"/>
                <line number="620" hits="2"/>
                <line number="621" hits="2"/>
                <line number="622" hits="2"/>
              </lines>
            </method>
            <method name="teammate" signature="" line-rate="1" branch-rate="0" complexity="1">
              <lines>
                <line number="632" hits="2"/>
                <line number="633" hits="2"/>
                <line number="634" hits="2"/>
                <line number="635" hits="2"/>
                <line number="636" hits="2"/>
              </lines>
            </method>
          </methods>
          <lines>
            <line number="392" hits="26"/>
            <line number="393" hits="26"/>
            <line number="394" hits="26"/>
            <line number="395" hits="26"/>
            <line number="396" hits="26"/>
            <line number="397" hits="26"/>
            <line number="398" hits="26"/>
            <line number="399" hits="26"/>
            <line number="400" hits="26"/>
            <line number="401" hits="26"/>
            <line number="402" hits="26"/>
            <line number="403" hits="26"/>
            <line number="404" hits="26"/>
            <line number="405" hits="26"/>
            <line number="406" hits="26"/>
            <line number="407" hits="26"/>
            <line number="408" hits="26"/>
            <line number="409" hits="26"/>
            <line number="410" hits="26"/>
            <line number="411" hits="26"/>
            <line number="412" hits="26"/>
            <line number="413" hits="26"/>
            <line number="414" hits="26"/>
            <line number="415" hits="26"/>
            <line number="416" hits="26"/>
            <line number="417" hits="26"/>
            <line number="418" hits="26"/>
            <line number="419" hits="26"/>
            <line number="420" hits="26"/>
            <line number="421" hits="26"/>
            <line number="422" hits="26"/>
            <line number="423" hits="26"/>
            <line number="424" hits="26"/>
            <line number="425" hits="26"/>
            <line number="426" hits="26"/>
            <line number="427" hits="26"/>
            <line number="428" hits="26"/>
            <line number="429" hits="26"/>
            <line number="430" hits="26"/>
            <line number="431" hits="26"/>
            <line number="432" hits="26"/>
            <line number="433" hits="26"/>
            <line number="434" hits="26"/>
            <line number="435" hits="26"/>
            <line number="436" hits="26"/>
            <line number="437" hits="26"/>
            <line number="438" hits="26"/>
            <line number="439" hits="26"/>
            <line number="440" hits="26"/>
            <line number="441" hits="26"/>
            <line number="442" hits="26"/>
            <line number="443" hits="26"/>
            <line number="444" hits="26"/>
            <line number="445" hits="26"/>
            <line number="446" hits="26"/>
            <line number="447" hits="26"/>
            <line number="448" hits="26"/>
            <line number="449" hits="26"/>
            <line number="450" hits="26"/>
            <line number="451" hits="26"/>
            <line number="452" hits="26"/>
            <line number="453" hits="26"/>
            <line number="454" hits="26"/>
            <line number="455" hits="26"/>
            <line number="456" hits="26"/>
            <line number="457" hits="26"/>
            <line number="458" hits="26"/>
            <line number="459" hits="26"/>
            <line number="460" hits="26"/>
            <line number="461" hits="26"/>
            <line number="462" hits="26"/>
            <line number="463" hits="26"/>
            <line number="464" hits="26"/>
            <line number="465" hits="26"/>
            <line number="466" hits="26"/>
            <line number="467" hits="26"/>
            <line number="468" hits="26"/>
            <line number="469" hits="26"/>
            <line number="470" hits="26"/>
            <line number="471" hits="26"/>
            <line number="472" hits="26"/>
            <line number="473" hits="26"/>
            <line number="474" hits="26"/>
            <line number="475" hits="26"/>
            <line number="476" hits="26"/>
            <line number="477" hits="26"/>
            <line number="478" hits="26"/>
            <line number="479" hits="26"/>
            <line number="480" hits="26"/>
            <line number="481" hits="26"/>
            <line number="482" hits="26"/>
            <line number="483" hits="26"/>
            <line number="484" hits="26"/>
            <line number="485" hits="26"/>
            <line number="486" hits="26"/>
            <line number="487" hits="26"/>
            <line number="488" hits="26"/>
            <line number="489" hits="26"/>
            <line number="490" hits="26"/>
            <line number="491" hits="26"/>
            <line number="492" hits="26"/>
            <line number="493" hits="26"/>
            <line number="494" hits="26"/>
            <line number="495" hits="26"/>
            <line number="496" hits="26"/>
            <line number="506" hits="2"/>
            <line number="507" hits="2"/>
            <line number="508" hits="2"/>
            <line number="509" hits="2"/>
            <line number="510" hits="2"/>
            <line number="520" hits="2"/>
            <line number="521" hits="2"/>
            <line number="522" hits="2"/>
            <line number="523" hits="2"/>
            <line number="524" hits="2"/>
            <line number="534" hits="2"/>
            <line number="535" hits="2"/>
            <line number="536" hits="2"/>
            <line number="537" hits="2"/>
            <line number="538" hits="2"/>
            <line number="548" hits="2"/>
            <line number="549" hits="2"/>
            <line number="550" hits="2"/>
            <line number="551" hits="2"/>
            <line number="552" hits="2"/>
            <line number="562" hits="2"/>
            <line number="563" hits="2"/>
            <line number="564" hits="2"/>
            <line number="565" hits="2"/>
            <line number="566" hits="2"/>
            <line number="576" hits="2"/>
            <line number="577" hits="2"/>
            <line number="578" hits="2"/>
            <line number="579" hits="2"/>
            <line number="580" hits="2"/>
            <line number="590" hits="2"/>
            <line number="591" hits="2"/>
            <line number="592" hits="2"/>
            <line number="593" hits="2"/>
            <line number="594" hits="2"/>
            <line number="604" hits="2"/>
            <line number="605" hits="2"/>
            <line number="606" hits="2"/>
            <line number="607" hits="2"/>
            <line number="608" hits="2"/>
            <line number="618" hits="2"/>
            <line number="619" hits="2"/>
            <line number="620" hits="2"/>
            <line number="621" hits="2"/>
            <line number="622" hits="2"/>
            <line number="632" hits="2"/>
            <line number="633" hits="2"/>
            <line number="634" hits="2"/>
            <line number="635" hits="2"/>
            <line number="636" hits="2"/>
          </lines>
        </class>
      </classes>
    </package>
    <package name="Models/Lead.php" line-rate="1" branch-rate="0" complexity="11">
      <classes>
        <class name="Playground\Lead\Models\Lead" filename="Models/Lead.php" line-rate="1" branch-rate="0" complexity="11">
          <methods>
            <method name="casts" signature="" line-rate="1" branch-rate="0" complexity="1">
              <lines>
                <line number="392" hits="26"/>
                <line number="393" hits="26"/>
                <line number="394" hits="26"/>
                <line number="395" hits="26"/>
                <line number="396" hits="26"/>
                <line number="397" hits="26"/>
                <line number="398" hits="26"/>
                <line number="399" hits="26"/>
                <line number="400" hits="26"/>
                <line number="401" hits="26"/>
                <line number="402" hits="26"/>
                <line number="403" hits="26"/>
                <line number="404" hits="26"/>
                <line number="405" hits="26"/>
                <line number="406" hits="26"/>
                <line number="407" hits="26"/>
                <line number="408" hits="26"/>
                <line number="409" hits="26"/>
                <line number="410" hits="26"/>
                <line number="411" hits="26"/>
                <line number="412" hits="26"/>
                <line number="413" hits="26"/>
                <line number="414" hits="26"/>
                <line number="415" hits="26"/>
                <line number="416" hits="26"/>
                <line number="417" hits="26"/>
                <line number="418" hits="26"/>
                <line number="419" hits="26"/>
                <line number="420" hits="26"/>
                <line number="421" hits="26"/>
                <line number="422" hits="26"/>
                <line number="423" hits="26"/>
                <line number="424" hits="26"/>
                <line number="425" hits="26"/>
                <line number="426" hits="26"/>
                <line number="427" hits="26"/>
                <line number="428" hits="26"/>
                <line number="429" hits="26"/>
                <line number="430" hits="26"/>
                <line number="431" hits="26"/>
                <line number="432" hits="26"/>
                <line number="433" hits="26"/>
                <line number="434" hits="26"/>
                <line number="435" hits="26"/>
                <line number="436" hits="26"/>
                <line number="437" hits="26"/>
                <line number="438" hits="26"/>
                <line number="439" hits="26"/>
                <line number="440" hits="26"/>
                <line number="441" hits="26"/>
                <line number="442" hits="26"/>
                <line number="443" hits="26"/>
                <line number="444" hits="26"/>
                <line number="445" hits="26"/>
                <line number="446" hits="26"/>
                <line number="447" hits="26"/>
                <line number="448" hits="26"/>
                <line number="449" hits="26"/>
                <line number="450" hits="26"/>
                <line number="451" hits="26"/>
                <line number="452" hits="26"/>
                <line number="453" hits="26"/>
                <line number="454" hits="26"/>
                <line number="455" hits="26"/>
                <line number="456" hits="26"/>
                <line number="457" hits="26"/>
                <line number="458" hits="26"/>
                <line number="459" hits="26"/>
                <line number="460" hits="26"/>
                <line number="461" hits="26"/>
                <line number="462" hits="26"/>
                <line number="463" hits="26"/>
                <line number="464" hits="26"/>
                <line number="465" hits="26"/>
                <line number="466" hits="26"/>
                <line number="467" hits="26"/>
                <line number="468" hits="26"/>
                <line number="469" hits="26"/>
                <line number="470" hits="26"/>
                <line number="471" hits="26"/>
                <line number="472" hits="26"/>
                <line number="473" hits="26"/>
                <line number="474" hits="26"/>
                <line number="475" hits="26"/>
                <line number="476" hits="26"/>
                <line number="477" hits="26"/>
                <line number="478" hits="26"/>
                <line number="479" hits="26"/>
                <line number="480" hits="26"/>
                <line number="481" hits="26"/>
                <line number="482" hits="26"/>
                <line number="483" hits="26"/>
                <line number="484" hits="26"/>
                <line number="485" hits="26"/>
                <line number="486" hits="26"/>
                <line number="487" hits="26"/>
                <line number="488" hits="26"/>
                <line number="489" hits="26"/>
                <line number="490" hits="26"/>
                <line number="491" hits="26"/>
                <line number="492" hits="26"/>
                <line number="493" hits="26"/>
                <line number="494" hits="26"/>
                <line number="495" hits="26"/>
                <line number="496" hits="26"/>
              </lines>
            </method>
            <method name="campaign" signature="" line-rate="1" branch-rate="0" complexity="1">
              <lines>
                <line number="506" hits="2"/>
                <line number="507" hits="2"/>
                <line number="508" hits="2"/>
                <line number="509" hits="2"/>
                <line number="510" hits="2"/>
              </lines>
            </method>
            <method name="goal" signature="" line-rate="1" branch-rate="0" complexity="1">
              <lines>
                <line number="520" hits="2"/>
                <line number="521" hits="2"/>
                <line number="522" hits="2"/>
                <line number="523" hits="2"/>
                <line number="524" hits="2"/>
              </lines>
            </method>
            <method name="opportunity" signature="" line-rate="1" branch-rate="0" complexity="1">
              <lines>
                <line number="534" hits="2"/>
                <line number="535" hits="2"/>
                <line number="536" hits="2"/>
                <line number="537" hits="2"/>
                <line number="538" hits="2"/>
              </lines>
            </method>
            <method name="plan" signature="" line-rate="1" branch-rate="0" complexity="1">
              <lines>
                <line number="548" hits="2"/>
                <line number="549" hits="2"/>
                <line number="550" hits="2"/>
                <line number="551" hits="2"/>
                <line number="552" hits="2"/>
              </lines>
            </method>
            <method name="region" signature="" line-rate="1" branch-rate="0" complexity="1">
              <lines>
                <line number="562" hits="2"/>
                <line number="563" hits="2"/>
                <line number="564" hits="2"/>
                <line number="565" hits="2"/>
                <line number="566" hits="2"/>
              </lines>
            </method>
            <method name="report" signature="" line-rate="1" branch-rate="0" complexity="1">
              <lines>
                <line number="576" hits="2"/>
                <line number="577" hits="2"/>
                <line number="578" hits="2"/>
                <line number="579" hits="2"/>
                <line number="580" hits="2"/>
              </lines>
            </method>
            <method name="source" signature="" line-rate="1" branch-rate="0" complexity="1">
              <lines>
                <line number="590" hits="2"/>
                <line number="591" hits="2"/>
                <line number="592" hits="2"/>
                <line number="593" hits="2"/>
                <line number="594" hits="2"/>
              </lines>
            </method>
            <method name="task" signature="" line-rate="1" branch-rate="0" complexity="1">
              <lines>
                <line number="604" hits="2"/>
                <line number="605" hits="2"/>
                <line number="606" hits="2"/>
                <line number="607" hits="2"/>
                <line number="608" hits="2"/>
              </lines>
            </method>
            <method name="team" signature="" line-rate="1" branch-rate="0" complexity="1">
              <lines>
                <line number="618" hits="2"/>
                <line number="619" hits="2"/>
                <line number="620" hits="2"/>
                <line number="621" hits="2"/>
                <line number="622" hits="2"/>
              </lines>
            </method>
            <method name="teammate" signature="" line-rate="1" branch-rate="0" complexity="1">
              <lines>
                <line number="632" hits="2"/>
                <line number="633" hits="2"/>
                <line number="634" hits="2"/>
                <line number="635" hits="2"/>
                <line number="636" hits="2"/>
              </lines>
            </method>
          </methods>
          <lines>
            <line number="392" hits="26"/>
            <line number="393" hits="26"/>
            <line number="394" hits="26"/>
            <line number="395" hits="26"/>
            <line number="396" hits="26"/>
            <line number="397" hits="26"/>
            <line number="398" hits="26"/>
            <line number="399" hits="26"/>
            <line number="400" hits="26"/>
            <line number="401" hits="26"/>
            <line number="402" hits="26"/>
            <line number="403" hits="26"/>
            <line number="404" hits="26"/>
            <line number="405" hits="26"/>
            <line number="406" hits="26"/>
            <line number="407" hits="26"/>
            <line number="408" hits="26"/>
            <line number="409" hits="26"/>
            <line number="410" hits="26"/>
            <line number="411" hits="26"/>
            <line number="412" hits="26"/>
            <line number="413" hits="26"/>
            <line number="414" hits="26"/>
            <line number="415" hits="26"/>
            <line number="416" hits="26"/>
            <line number="417" hits="26"/>
            <line number="418" hits="26"/>
            <line number="419" hits="26"/>
            <line number="420" hits="26"/>
            <line number="421" hits="26"/>
            <line number="422" hits="26"/>
            <line number="423" hits="26"/>
            <line number="424" hits="26"/>
            <line number="425" hits="26"/>
            <line number="426" hits="26"/>
            <line number="427" hits="26"/>
            <line number="428" hits="26"/>
            <line number="429" hits="26"/>
            <line number="430" hits="26"/>
            <line number="431" hits="26"/>
            <line number="432" hits="26"/>
            <line number="433" hits="26"/>
            <line number="434" hits="26"/>
            <line number="435" hits="26"/>
            <line number="436" hits="26"/>
            <line number="437" hits="26"/>
            <line number="438" hits="26"/>
            <line number="439" hits="26"/>
            <line number="440" hits="26"/>
            <line number="441" hits="26"/>
            <line number="442" hits="26"/>
            <line number="443" hits="26"/>
            <line number="444" hits="26"/>
            <line number="445" hits="26"/>
            <line number="446" hits="26"/>
            <line number="447" hits="26"/>
            <line number="448" hits="26"/>
            <line number="449" hits="26"/>
            <line number="450" hits="26"/>
            <line number="451" hits="26"/>
            <line number="452" hits="26"/>
            <line number="453" hits="26"/>
            <line number="454" hits="26"/>
            <line number="455" hits="26"/>
            <line number="456" hits="26"/>
            <line number="457" hits="26"/>
            <line number="458" hits="26"/>
            <line number="459" hits="26"/>
            <line number="460" hits="26"/>
            <line number="461" hits="26"/>
            <line number="462" hits="26"/>
            <line number="463" hits="26"/>
            <line number="464" hits="26"/>
            <line number="465" hits="26"/>
            <line number="466" hits="26"/>
            <line number="467" hits="26"/>
            <line number="468" hits="26"/>
            <line number="469" hits="26"/>
            <line number="470" hits="26"/>
            <line number="471" hits="26"/>
            <line number="472" hits="26"/>
            <line number="473" hits="26"/>
            <line number="474" hits="26"/>
            <line number="475" hits="26"/>
            <line number="476" hits="26"/>
            <line number="477" hits="26"/>
            <line number="478" hits="26"/>
            <line number="479" hits="26"/>
            <line number="480" hits="26"/>
            <line number="481" hits="26"/>
            <line number="482" hits="26"/>
            <line number="483" hits="26"/>
            <line number="484" hits="26"/>
            <line number="485" hits="26"/>
            <line number="486" hits="26"/>
            <line number="487" hits="26"/>
            <line number="488" hits="26"/>
            <line number="489" hits="26"/>
            <line number="490" hits="26"/>
            <line number="491" hits="26"/>
            <line number="492" hits="26"/>
            <line number="493" hits="26"/>
            <line number="494" hits="26"/>
            <line number="495" hits="26"/>
            <line number="496" hits="26"/>
            <line number="506" hits="2"/>
            <line number="507" hits="2"/>
            <line number="508" hits="2"/>
            <line number="509" hits="2"/>
            <line number="510" hits="2"/>
            <line number="520" hits="2"/>
            <line number="521" hits="2"/>
            <line number="522" hits="2"/>
            <line number="523" hits="2"/>
            <line number="524" hits="2"/>
            <line number="534" hits="2"/>
            <line number="535" hits="2"/>
            <line number="536" hits="2"/>
            <line number="537" hits="2"/>
            <line number="538" hits="2"/>
            <line number="548" hits="2"/>
            <line number="549" hits="2"/>
            <line number="550" hits="2"/>
            <line number="551" hits="2"/>
            <line number="552" hits="2"/>
            <line number="562" hits="2"/>
            <line number="563" hits="2"/>
            <line number="564" hits="2"/>
            <line number="565" hits="2"/>
            <line number="566" hits="2"/>
            <line number="576" hits="2"/>
            <line number="577" hits="2"/>
            <line number="578" hits="2"/>
            <line number="579" hits="2"/>
            <line number="580" hits="2"/>
            <line number="590" hits="2"/>
            <line number="591" hits="2"/>
            <line number="592" hits="2"/>
            <line number="593" hits="2"/>
            <line number="594" hits="2"/>
            <line number="604" hits="2"/>
            <line number="605" hits="2"/>
            <line number="606" hits="2"/>
            <line number="607" hits="2"/>
            <line number="608" hits="2"/>
            <line number="618" hits="2"/>
            <line number="619" hits="2"/>
            <line number="620" hits="2"/>
            <line number="621" hits="2"/>
            <line number="622" hits="2"/>
            <line number="632" hits="2"/>
            <line number="633" hits="2"/>
            <line number="634" hits="2"/>
            <line number="635" hits="2"/>
            <line number="636" hits="2"/>
          </lines>
        </class>
      </classes>
    </package>
    <package name="Models/Opportunity.php" line-rate="1" branch-rate="0" complexity="11">
      <classes>
        <class name="Playground\Lead\Models\Opportunity" filename="Models/Opportunity.php" line-rate="1" branch-rate="0" complexity="11">
          <methods>
            <method name="casts" signature="" line-rate="1" branch-rate="0" complexity="1">
              <lines>
                <line number="392" hits="26"/>
                <line number="393" hits="26"/>
                <line number="394" hits="26"/>
                <line number="395" hits="26"/>
                <line number="396" hits="26"/>
                <line number="397" hits="26"/>
                <line number="398" hits="26"/>
                <line number="399" hits="26"/>
                <line number="400" hits="26"/>
                <line number="401" hits="26"/>
                <line number="402" hits="26"/>
                <line number="403" hits="26"/>
                <line number="404" hits="26"/>
                <line number="405" hits="26"/>
                <line number="406" hits="26"/>
                <line number="407" hits="26"/>
                <line number="408" hits="26"/>
                <line number="409" hits="26"/>
                <line number="410" hits="26"/>
                <line number="411" hits="26"/>
                <line number="412" hits="26"/>
                <line number="413" hits="26"/>
                <line number="414" hits="26"/>
                <line number="415" hits="26"/>
                <line number="416" hits="26"/>
                <line number="417" hits="26"/>
                <line number="418" hits="26"/>
                <line number="419" hits="26"/>
                <line number="420" hits="26"/>
                <line number="421" hits="26"/>
                <line number="422" hits="26"/>
                <line number="423" hits="26"/>
                <line number="424" hits="26"/>
                <line number="425" hits="26"/>
                <line number="426" hits="26"/>
                <line number="427" hits="26"/>
                <line number="428" hits="26"/>
                <line number="429" hits="26"/>
                <line number="430" hits="26"/>
                <line number="431" hits="26"/>
                <line number="432" hits="26"/>
                <line number="433" hits="26"/>
                <line number="434" hits="26"/>
                <line number="435" hits="26"/>
                <line number="436" hits="26"/>
                <line number="437" hits="26"/>
                <line number="438" hits="26"/>
                <line number="439" hits="26"/>
                <line number="440" hits="26"/>
                <line number="441" hits="26"/>
                <line number="442" hits="26"/>
                <line number="443" hits="26"/>
                <line number="444" hits="26"/>
                <line number="445" hits="26"/>
                <line number="446" hits="26"/>
                <line number="447" hits="26"/>
                <line number="448" hits="26"/>
                <line number="449" hits="26"/>
                <line number="450" hits="26"/>
                <line number="451" hits="26"/>
                <line number="452" hits="26"/>
                <line number="453" hits="26"/>
                <line number="454" hits="26"/>
                <line number="455" hits="26"/>
                <line number="456" hits="26"/>
                <line number="457" hits="26"/>
                <line number="458" hits="26"/>
                <line number="459" hits="26"/>
                <line number="460" hits="26"/>
                <line number="461" hits="26"/>
                <line number="462" hits="26"/>
                <line number="463" hits="26"/>
                <line number="464" hits="26"/>
                <line number="465" hits="26"/>
                <line number="466" hits="26"/>
                <line number="467" hits="26"/>
                <line number="468" hits="26"/>
                <line number="469" hits="26"/>
                <line number="470" hits="26"/>
                <line number="471" hits="26"/>
                <line number="472" hits="26"/>
                <line number="473" hits="26"/>
                <line number="474" hits="26"/>
                <line number="475" hits="26"/>
                <line number="476" hits="26"/>
                <line number="477" hits="26"/>
                <line number="478" hits="26"/>
                <line number="479" hits="26"/>
                <line number="480" hits="26"/>
                <line number="481" hits="26"/>
                <line number="482" hits="26"/>
                <line number="483" hits="26"/>
                <line number="484" hits="26"/>
                <line number="485" hits="26"/>
                <line number="486" hits="26"/>
                <line number="487" hits="26"/>
                <line number="488" hits="26"/>
                <line number="489" hits="26"/>
                <line number="490" hits="26"/>
                <line number="491" hits="26"/>
                <line number="492" hits="26"/>
                <line number="493" hits="26"/>
                <line number="494" hits="26"/>
                <line number="495" hits="26"/>
                <line number="496" hits="26"/>
              </lines>
            </method>
            <method name="campaign" signature="" line-rate="1" branch-rate="0" complexity="1">
              <lines>
                <line number="506" hits="2"/>
                <line number="507" hits="2"/>
                <line number="508" hits="2"/>
                <line number="509" hits="2"/>
                <line number="510" hits="2"/>
              </lines>
            </method>
            <method name="goal" signature="" line-rate="1" branch-rate="0" complexity="1">
              <lines>
                <line number="520" hits="2"/>
                <line number="521" hits="2"/>
                <line number="522" hits="2"/>
                <line number="523" hits="2"/>
                <line number="524" hits="2"/>
              </lines>
            </method>
            <method name="lead" signature="" line-rate="1" branch-rate="0" complexity="1">
              <lines>
                <line number="534" hits="2"/>
                <line number="535" hits="2"/>
                <line number="536" hits="2"/>
                <line number="537" hits="2"/>
                <line number="538" hits="2"/>
              </lines>
            </method>
            <method name="plan" signature="" line-rate="1" branch-rate="0" complexity="1">
              <lines>
                <line number="548" hits="2"/>
                <line number="549" hits="2"/>
                <line number="550" hits="2"/>
                <line number="551" hits="2"/>
                <line number="552" hits="2"/>
              </lines>
            </method>
            <method name="region" signature="" line-rate="1" branch-rate="0" complexity="1">
              <lines>
                <line number="562" hits="2"/>
                <line number="563" hits="2"/>
                <line number="564" hits="2"/>
                <line number="565" hits="2"/>
                <line number="566" hits="2"/>
              </lines>
            </method>
            <method name="report" signature="" line-rate="1" branch-rate="0" complexity="1">
              <lines>
                <line number="576" hits="2"/>
                <line number="577" hits="2"/>
                <line number="578" hits="2"/>
                <line number="579" hits="2"/>
                <line number="580" hits="2"/>
              </lines>
            </method>
            <method name="source" signature="" line-rate="1" branch-rate="0" complexity="1">
              <lines>
                <line number="590" hits="2"/>
                <line number="591" hits="2"/>
                <line number="592" hits="2"/>
                <line number="593" hits="2"/>
                <line number="594" hits="2"/>
              </lines>
            </method>
            <method name="task" signature="" line-rate="1" branch-rate="0" complexity="1">
              <lines>
                <line number="604" hits="2"/>
                <line number="605" hits="2"/>
                <line number="606" hits="2"/>
                <line number="607" hits="2"/>
                <line number="608" hits="2"/>
              </lines>
            </method>
            <method name="team" signature="" line-rate="1" branch-rate="0" complexity="1">
              <lines>
                <line number="618" hits="2"/>
                <line number="619" hits="2"/>
                <line number="620" hits="2"/>
                <line number="621" hits="2"/>
                <line number="622" hits="2"/>
              </lines>
            </method>
            <method name="teammate" signature="" line-rate="1" branch-rate="0" complexity="1">
              <lines>
                <line number="632" hits="2"/>
                <line number="633" hits="2"/>
                <line number="634" hits="2"/>
                <line number="635" hits="2"/>
                <line number="636" hits="2"/>
              </lines>
            </method>
          </methods>
          <lines>
            <line number="392" hits="26"/>
            <line number="393" hits="26"/>
            <line number="394" hits="26"/>
            <line number="395" hits="26"/>
            <line number="396" hits="26"/>
            <line number="397" hits="26"/>
            <line number="398" hits="26"/>
            <line number="399" hits="26"/>
            <line number="400" hits="26"/>
            <line number="401" hits="26"/>
            <line number="402" hits="26"/>
            <line number="403" hits="26"/>
            <line number="404" hits="26"/>
            <line number="405" hits="26"/>
            <line number="406" hits="26"/>
            <line number="407" hits="26"/>
            <line number="408" hits="26"/>
            <line number="409" hits="26"/>
            <line number="410" hits="26"/>
            <line number="411" hits="26"/>
            <line number="412" hits="26"/>
            <line number="413" hits="26"/>
            <line number="414" hits="26"/>
            <line number="415" hits="26"/>
            <line number="416" hits="26"/>
            <line number="417" hits="26"/>
            <line number="418" hits="26"/>
            <line number="419" hits="26"/>
            <line number="420" hits="26"/>
            <line number="421" hits="26"/>
            <line number="422" hits="26"/>
            <line number="423" hits="26"/>
            <line number="424" hits="26"/>
            <line number="425" hits="26"/>
            <line number="426" hits="26"/>
            <line number="427" hits="26"/>
            <line number="428" hits="26"/>
            <line number="429" hits="26"/>
            <line number="430" hits="26"/>
            <line number="431" hits="26"/>
            <line number="432" hits="26"/>
            <line number="433" hits="26"/>
            <line number="434" hits="26"/>
            <line number="435" hits="26"/>
            <line number="436" hits="26"/>
            <line number="437" hits="26"/>
            <line number="438" hits="26"/>
            <line number="439" hits="26"/>
            <line number="440" hits="26"/>
            <line number="441" hits="26"/>
            <line number="442" hits="26"/>
            <line number="443" hits="26"/>
            <line number="444" hits="26"/>
            <line number="445" hits="26"/>
            <line number="446" hits="26"/>
            <line number="447" hits="26"/>
            <line number="448" hits="26"/>
            <line number="449" hits="26"/>
            <line number="450" hits="26"/>
            <line number="451" hits="26"/>
            <line number="452" hits="26"/>
            <line number="453" hits="26"/>
            <line number="454" hits="26"/>
            <line number="455" hits="26"/>
            <line number="456" hits="26"/>
            <line number="457" hits="26"/>
            <line number="458" hits="26"/>
            <line number="459" hits="26"/>
            <line number="460" hits="26"/>
            <line number="461" hits="26"/>
            <line number="462" hits="26"/>
            <line number="463" hits="26"/>
            <line number="464" hits="26"/>
            <line number="465" hits="26"/>
            <line number="466" hits="26"/>
            <line number="467" hits="26"/>
            <line number="468" hits="26"/>
            <line number="469" hits="26"/>
            <line number="470" hits="26"/>
            <line number="471" hits="26"/>
            <line number="472" hits="26"/>
            <line number="473" hits="26"/>
            <line number="474" hits="26"/>
            <line number="475" hits="26"/>
            <line number="476" hits="26"/>
            <line number="477" hits="26"/>
            <line number="478" hits="26"/>
            <line number="479" hits="26"/>
            <line number="480" hits="26"/>
            <line number="481" hits="26"/>
            <line number="482" hits="26"/>
            <line number="483" hits="26"/>
            <line number="484" hits="26"/>
            <line number="485" hits="26"/>
            <line number="486" hits="26"/>
            <line number="487" hits="26"/>
            <line number="488" hits="26"/>
            <line number="489" hits="26"/>
            <line number="490" hits="26"/>
            <line number="491" hits="26"/>
            <line number="492" hits="26"/>
            <line number="493" hits="26"/>
            <line number="494" hits="26"/>
            <line number="495" hits="26"/>
            <line number="496" hits="26"/>
            <line number="506" hits="2"/>
            <line number="507" hits="2"/>
            <line number="508" hits="2"/>
            <line number="509" hits="2"/>
            <line number="510" hits="2"/>
            <line number="520" hits="2"/>
            <line number="521" hits="2"/>
            <line number="522" hits="2"/>
            <line number="523" hits="2"/>
            <line number="524" hits="2"/>
            <line number="534" hits="2"/>
            <line number="535" hits="2"/>
            <line number="536" hits="2"/>
            <line number="537" hits="2"/>
            <line number="538" hits="2"/>
            <line number="548" hits="2"/>
            <line number="549" hits="2"/>
            <line number="550" hits="2"/>
            <line number="551" hits="2"/>
            <line number="552" hits="2"/>
            <line number="562" hits="2"/>
            <line number="563" hits="2"/>
            <line number="564" hits="2"/>
            <line number="565" hits="2"/>
            <line number="566" hits="2"/>
            <line number="576" hits="2"/>
            <line number="577" hits="2"/>
            <line number="578" hits="2"/>
            <line number="579" hits="2"/>
            <line number="580" hits="2"/>
            <line number="590" hits="2"/>
            <line number="591" hits="2"/>
            <line number="592" hits="2"/>
            <line number="593" hits="2"/>
            <line number="594" hits="2"/>
            <line number="604" hits="2"/>
            <line number="605" hits="2"/>
            <line number="606" hits="2"/>
            <line number="607" hits="2"/>
            <line number="608" hits="2"/>
            <line number="618" hits="2"/>
            <line number="619" hits="2"/>
            <line number="620" hits="2"/>
            <line number="621" hits="2"/>
            <line number="622" hits="2"/>
            <line number="632" hits="2"/>
            <line number="633" hits="2"/>
            <line number="634" hits="2"/>
            <line number="635" hits="2"/>
            <line number="636" hits="2"/>
          </lines>
        </class>
      </classes>
    </package>
    <package name="Models/Plan.php" line-rate="1" branch-rate="0" complexity="11">
      <classes>
        <class name="Playground\Lead\Models\Plan" filename="Models/Plan.php" line-rate="1" branch-rate="0" complexity="11">
          <methods>
            <method name="casts" signature="" line-rate="1" branch-rate="0" complexity="1">
              <lines>
                <line number="392" hits="26"/>
                <line number="393" hits="26"/>
                <line number="394" hits="26"/>
                <line number="395" hits="26"/>
                <line number="396" hits="26"/>
                <line number="397" hits="26"/>
                <line number="398" hits="26"/>
                <line number="399" hits="26"/>
                <line number="400" hits="26"/>
                <line number="401" hits="26"/>
                <line number="402" hits="26"/>
                <line number="403" hits="26"/>
                <line number="404" hits="26"/>
                <line number="405" hits="26"/>
                <line number="406" hits="26"/>
                <line number="407" hits="26"/>
                <line number="408" hits="26"/>
                <line number="409" hits="26"/>
                <line number="410" hits="26"/>
                <line number="411" hits="26"/>
                <line number="412" hits="26"/>
                <line number="413" hits="26"/>
                <line number="414" hits="26"/>
                <line number="415" hits="26"/>
                <line number="416" hits="26"/>
                <line number="417" hits="26"/>
                <line number="418" hits="26"/>
                <line number="419" hits="26"/>
                <line number="420" hits="26"/>
                <line number="421" hits="26"/>
                <line number="422" hits="26"/>
                <line number="423" hits="26"/>
                <line number="424" hits="26"/>
                <line number="425" hits="26"/>
                <line number="426" hits="26"/>
                <line number="427" hits="26"/>
                <line number="428" hits="26"/>
                <line number="429" hits="26"/>
                <line number="430" hits="26"/>
                <line number="431" hits="26"/>
                <line number="432" hits="26"/>
                <line number="433" hits="26"/>
                <line number="434" hits="26"/>
                <line number="435" hits="26"/>
                <line number="436" hits="26"/>
                <line number="437" hits="26"/>
                <line number="438" hits="26"/>
                <line number="439" hits="26"/>
                <line number="440" hits="26"/>
                <line number="441" hits="26"/>
                <line number="442" hits="26"/>
                <line number="443" hits="26"/>
                <line number="444" hits="26"/>
                <line number="445" hits="26"/>
                <line number="446" hits="26"/>
                <line number="447" hits="26"/>
                <line number="448" hits="26"/>
                <line number="449" hits="26"/>
                <line number="450" hits="26"/>
                <line number="451" hits="26"/>
                <line number="452" hits="26"/>
                <line number="453" hits="26"/>
                <line number="454" hits="26"/>
                <line number="455" hits="26"/>
                <line number="456" hits="26"/>
                <line number="457" hits="26"/>
                <line number="458" hits="26"/>
                <line number="459" hits="26"/>
                <line number="460" hits="26"/>
                <line number="461" hits="26"/>
                <line number="462" hits="26"/>
                <line number="463" hits="26"/>
                <line number="464" hits="26"/>
                <line number="465" hits="26"/>
                <line number="466" hits="26"/>
                <line number="467" hits="26"/>
                <line number="468" hits="26"/>
                <line number="469" hits="26"/>
                <line number="470" hits="26"/>
                <line number="471" hits="26"/>
                <line number="472" hits="26"/>
                <line number="473" hits="26"/>
                <line number="474" hits="26"/>
                <line number="475" hits="26"/>
                <line number="476" hits="26"/>
                <line number="477" hits="26"/>
                <line number="478" hits="26"/>
                <line number="479" hits="26"/>
                <line number="480" hits="26"/>
                <line number="481" hits="26"/>
                <line number="482" hits="26"/>
                <line number="483" hits="26"/>
                <line number="484" hits="26"/>
                <line number="485" hits="26"/>
                <line number="486" hits="26"/>
                <line number="487" hits="26"/>
                <line number="488" hits="26"/>
                <line number="489" hits="26"/>
                <line number="490" hits="26"/>
                <line number="491" hits="26"/>
                <line number="492" hits="26"/>
                <line number="493" hits="26"/>
                <line number="494" hits="26"/>
                <line number="495" hits="26"/>
                <line number="496" hits="26"/>
              </lines>
            </method>
            <method name="campaign" signature="" line-rate="1" branch-rate="0" complexity="1">
              <lines>
                <line number="506" hits="2"/>
                <line number="507" hits="2"/>
                <line number="508" hits="2"/>
                <line number="509" hits="2"/>
                <line number="510" hits="2"/>
              </lines>
            </method>
            <method name="goal" signature="" line-rate="1" branch-rate="0" complexity="1">
              <lines>
                <line number="520" hits="2"/>
                <line number="521" hits="2"/>
                <line number="522" hits="2"/>
                <line number="523" hits="2"/>
                <line number="524" hits="2"/>
              </lines>
            </method>
            <method name="lead" signature="" line-rate="1" branch-rate="0" complexity="1">
              <lines>
                <line number="534" hits="2"/>
                <line number="535" hits="2"/>
                <line number="536" hits="2"/>
                <line number="537" hits="2"/>
                <line number="538" hits="2"/>
              </lines>
            </method>
            <method name="opportunity" signature="" line-rate="1" branch-rate="0" complexity="1">
              <lines>
                <line number="548" hits="2"/>
                <line number="549" hits="2"/>
                <line number="550" hits="2"/>
                <line number="551" hits="2"/>
                <line number="552" hits="2"/>
              </lines>
            </method>
            <method name="region" signature="" line-rate="1" branch-rate="0" complexity="1">
              <lines>
                <line number="562" hits="2"/>
                <line number="563" hits="2"/>
                <line number="564" hits="2"/>
                <line number="565" hits="2"/>
                <line number="566" hits="2"/>
              </lines>
            </method>
            <method name="report" signature="" line-rate="1" branch-rate="0" complexity="1">
              <lines>
                <line number="576" hits="2"/>
                <line number="577" hits="2"/>
                <line number="578" hits="2"/>
                <line number="579" hits="2"/>
                <line number="580" hits="2"/>
              </lines>
            </method>
            <method name="source" signature="" line-rate="1" branch-rate="0" complexity="1">
              <lines>
                <line number="590" hits="2"/>
                <line number="591" hits="2"/>
                <line number="592" hits="2"/>
                <line number="593" hits="2"/>
                <line number="594" hits="2"/>
              </lines>
            </method>
            <method name="task" signature="" line-rate="1" branch-rate="0" complexity="1">
              <lines>
                <line number="604" hits="2"/>
                <line number="605" hits="2"/>
                <line number="606" hits="2"/>
                <line number="607" hits="2"/>
                <line number="608" hits="2"/>
              </lines>
            </method>
            <method name="team" signature="" line-rate="1" branch-rate="0" complexity="1">
              <lines>
                <line number="618" hits="2"/>
                <line number="619" hits="2"/>
                <line number="620" hits="2"/>
                <line number="621" hits="2"/>
                <line number="622" hits="2"/>
              </lines>
            </method>
            <method name="teammate" signature="" line-rate="1" branch-rate="0" complexity="1">
              <lines>
                <line number="632" hits="2"/>
                <line number="633" hits="2"/>
                <line number="634" hits="2"/>
                <line number="635" hits="2"/>
                <line number="636" hits="2"/>
              </lines>
            </method>
          </methods>
          <lines>
            <line number="392" hits="26"/>
            <line number="393" hits="26"/>
            <line number="394" hits="26"/>
            <line number="395" hits="26"/>
            <line number="396" hits="26"/>
            <line number="397" hits="26"/>
            <line number="398" hits="26"/>
            <line number="399" hits="26"/>
            <line number="400" hits="26"/>
            <line number="401" hits="26"/>
            <line number="402" hits="26"/>
            <line number="403" hits="26"/>
            <line number="404" hits="26"/>
            <line number="405" hits="26"/>
            <line number="406" hits="26"/>
            <line number="407" hits="26"/>
            <line number="408" hits="26"/>
            <line number="409" hits="26"/>
            <line number="410" hits="26"/>
            <line number="411" hits="26"/>
            <line number="412" hits="26"/>
            <line number="413" hits="26"/>
            <line number="414" hits="26"/>
            <line number="415" hits="26"/>
            <line number="416" hits="26"/>
            <line number="417" hits="26"/>
            <line number="418" hits="26"/>
            <line number="419" hits="26"/>
            <line number="420" hits="26"/>
            <line number="421" hits="26"/>
            <line number="422" hits="26"/>
            <line number="423" hits="26"/>
            <line number="424" hits="26"/>
            <line number="425" hits="26"/>
            <line number="426" hits="26"/>
            <line number="427" hits="26"/>
            <line number="428" hits="26"/>
            <line number="429" hits="26"/>
            <line number="430" hits="26"/>
            <line number="431" hits="26"/>
            <line number="432" hits="26"/>
            <line number="433" hits="26"/>
            <line number="434" hits="26"/>
            <line number="435" hits="26"/>
            <line number="436" hits="26"/>
            <line number="437" hits="26"/>
            <line number="438" hits="26"/>
            <line number="439" hits="26"/>
            <line number="440" hits="26"/>
            <line number="441" hits="26"/>
            <line number="442" hits="26"/>
            <line number="443" hits="26"/>
            <line number="444" hits="26"/>
            <line number="445" hits="26"/>
            <line number="446" hits="26"/>
            <line number="447" hits="26"/>
            <line number="448" hits="26"/>
            <line number="449" hits="26"/>
            <line number="450" hits="26"/>
            <line number="451" hits="26"/>
            <line number="452" hits="26"/>
            <line number="453" hits="26"/>
            <line number="454" hits="26"/>
            <line number="455" hits="26"/>
            <line number="456" hits="26"/>
            <line number="457" hits="26"/>
            <line number="458" hits="26"/>
            <line number="459" hits="26"/>
            <line number="460" hits="26"/>
            <line number="461" hits="26"/>
            <line number="462" hits="26"/>
            <line number="463" hits="26"/>
            <line number="464" hits="26"/>
            <line number="465" hits="26"/>
            <line number="466" hits="26"/>
            <line number="467" hits="26"/>
            <line number="468" hits="26"/>
            <line number="469" hits="26"/>
            <line number="470" hits="26"/>
            <line number="471" hits="26"/>
            <line number="472" hits="26"/>
            <line number="473" hits="26"/>
            <line number="474" hits="26"/>
            <line number="475" hits="26"/>
            <line number="476" hits="26"/>
            <line number="477" hits="26"/>
            <line number="478" hits="26"/>
            <line number="479" hits="26"/>
            <line number="480" hits="26"/>
            <line number="481" hits="26"/>
            <line number="482" hits="26"/>
            <line number="483" hits="26"/>
            <line number="484" hits="26"/>
            <line number="485" hits="26"/>
            <line number="486" hits="26"/>
            <line number="487" hits="26"/>
            <line number="488" hits="26"/>
            <line number="489" hits="26"/>
            <line number="490" hits="26"/>
            <line number="491" hits="26"/>
            <line number="492" hits="26"/>
            <line number="493" hits="26"/>
            <line number="494" hits="26"/>
            <line number="495" hits="26"/>
            <line number="496" hits="26"/>
            <line number="506" hits="2"/>
            <line number="507" hits="2"/>
            <line number="508" hits="2"/>
            <line number="509" hits="2"/>
            <line number="510" hits="2"/>
            <line number="520" hits="2"/>
            <line number="521" hits="2"/>
            <line number="522" hits="2"/>
            <line number="523" hits="2"/>
            <line number="524" hits="2"/>
            <line number="534" hits="2"/>
            <line number="535" hits="2"/>
            <line number="536" hits="2"/>
            <line number="537" hits="2"/>
            <line number="538" hits="2"/>
            <line number="548" hits="2"/>
            <line number="549" hits="2"/>
            <line number="550" hits="2"/>
            <line number="551" hits="2"/>
            <line number="552" hits="2"/>
            <line number="562" hits="2"/>
            <line number="563" hits="2"/>
            <line number="564" hits="2"/>
            <line number="565" hits="2"/>
            <line number="566" hits="2"/>
            <line number="576" hits="2"/>
            <line number="577" hits="2"/>
            <line number="578" hits="2"/>
            <line number="579" hits="2"/>
            <line number="580" hits="2"/>
            <line number="590" hits="2"/>
            <line number="591" hits="2"/>
            <line number="592" hits="2"/>
            <line number="593" hits="2"/>
            <line number="594" hits="2"/>
            <line number="604" hits="2"/>
            <line number="605" hits="2"/>
            <line number="606" hits="2"/>
            <line number="607" hits="2"/>
            <line number="608" hits="2"/>
            <line number="618" hits="2"/>
            <line number="619" hits="2"/>
            <line number="620" hits="2"/>
            <line number="621" hits="2"/>
            <line number="622" hits="2"/>
            <line number="632" hits="2"/>
            <line number="633" hits="2"/>
[...]
                <line number="394" hits="26"/>
                <line number="395" hits="26"/>
                <line number="396" hits="26"/>
                <line number="397" hits="26"/>
                <line number="398" hits="26"/>
                <line number="399" hits="26"/>
                <line number="400" hits="26"/>
                <line number="401" hits="26"/>
                <line number="402" hits="26"/>
                <line number="403" hits="26"/>
                <line number="404" hits="26"/>
                <line number="405" hits="26"/>
                <line number="406" hits="26"/>
                <line number="407" hits="26"/>
                <line number="408" hits="26"/>
                <line number="409" hits="26"/>
                <line number="410" hits="26"/>
                <line number="411" hits="26"/>
                <line number="412" hits="26"/>
                <line number="413" hits="26"/>
                <line number="414" hits="26"/>
                <line number="415" hits="26"/>
                <line number="416" hits="26"/>
                <line number="417" hits="26"/>
                <line number="418" hits="26"/>
                <line number="419" hits="26"/>
                <line number="420" hits="26"/>
                <line number="421" hits="26"/>
                <line number="422" hits="26"/>
                <line number="423" hits="26"/>
                <line number="424" hits="26"/>
                <line number="425" hits="26"/>
                <line number="426" hits="26"/>
                <line number="427" hits="26"/>
                <line number="428" hits="26"/>
                <line number="429" hits="26"/>
                <line number="430" hits="26"/>
                <line number="431" hits="26"/>
                <line number="432" hits="26"/>
                <line number="433" hits="26"/>
                <line number="434" hits="26"/>
                <line number="435" hits="26"/>
                <line number="436" hits="26"/>
                <line number="437" hits="26"/>
                <line number="438" hits="26"/>
                <line number="439" hits="26"/>
                <line number="440" hits="26"/>
                <line number="441" hits="26"/>
                <line number="442" hits="26"/>
                <line number="443" hits="26"/>
                <line number="444" hits="26"/>
                <line number="445" hits="26"/>
                <line number="446" hits="26"/>
                <line number="447" hits="26"/>
                <line number="448" hits="26"/>
                <line number="449" hits="26"/>
                <line number="450" hits="26"/>
                <line number="451" hits="26"/>
                <line number="452" hits="26"/>
                <line number="453" hits="26"/>
                <line number="454" hits="26"/>
                <line number="455" hits="26"/>
                <line number="456" hits="26"/>
                <line number="457" hits="26"/>
                <line number="458" hits="26"/>
                <line number="459" hits="26"/>
                <line number="460" hits="26"/>
                <line number="461" hits="26"/>
                <line number="462" hits="26"/>
                <line number="463" hits="26"/>
                <line number="464" hits="26"/>
                <line number="465" hits="26"/>
                <line number="466" hits="26"/>
                <line number="467" hits="26"/>
                <line number="468" hits="26"/>
                <line number="469" hits="26"/>
                <line number="470" hits="26"/>
                <line number="471" hits="26"/>
                <line number="472" hits="26"/>
                <line number="473" hits="26"/>
                <line number="474" hits="26"/>
                <line number="475" hits="26"/>
                <line number="476" hits="26"/>
                <line number="477" hits="26"/>
                <line number="478" hits="26"/>
                <line number="479" hits="26"/>
                <line number="480" hits="26"/>
                <line number="481" hits="26"/>
                <line number="482" hits="26"/>
                <line number="483" hits="26"/>
                <line number="484" hits="26"/>
                <line number="485" hits="26"/>
                <line number="486" hits="26"/>
                <line number="487" hits="26"/>
                <line number="488" hits="26"/>
                <line number="489" hits="26"/>
                <line number="490" hits="26"/>
                <line number="491" hits="26"/>
                <line number="492" hits="26"/>
                <line number="493" hits="26"/>
                <line number="494" hits="26"/>
                <line number="495" hits="26"/>
                <line number="496" hits="26"/>
              </lines>
            </method>
            <method name="campaign" signature="" line-rate="1" branch-rate="0" complexity="1">
              <lines>
                <line number="506" hits="2"/>
                <line number="507" hits="2"/>
                <line number="508" hits="2"/>
                <line number="509" hits="2"/>
                <line number="510" hits="2"/>
              </lines>
            </method>
            <method name="goal" signature="" line-rate="1" branch-rate="0" complexity="1">
              <lines>
                <line number="520" hits="2"/>
                <line number="521" hits="2"/>
                <line number="522" hits="2"/>
                <line number="523" hits="2"/>
                <line number="524" hits="2"/>
              </lines>
            </method>
            <method name="lead" signature="" line-rate="1" branch-rate="0" complexity="1">
              <lines>
                <line number="534" hits="2"/>
                <line number="535" hits="2"/>
                <line number="536" hits="2"/>
                <line number="537" hits="2"/>
                <line number="538" hits="2"/>
              </lines>
            </method>
            <method name="opportunity" signature="" line-rate="1" branch-rate="0" complexity="1">
              <lines>
                <line number="548" hits="2"/>
                <line number="549" hits="2"/>
                <line number="550" hits="2"/>
                <line number="551" hits="2"/>
                <line number="552" hits="2"/>
              </lines>
            </method>
            <method name="plan" signature="" line-rate="1" branch-rate="0" complexity="1">
              <lines>
                <line number="562" hits="2"/>
                <line number="563" hits="2"/>
                <line number="564" hits="2"/>
                <line number="565" hits="2"/>
                <line number="566" hits="2"/>
              </lines>
            </method>
            <method name="region" signature="" line-rate="1" branch-rate="0" complexity="1">
              <lines>
                <line number="576" hits="2"/>
                <line number="577" hits="2"/>
                <line number="578" hits="2"/>
                <line number="579" hits="2"/>
                <line number="580" hits="2"/>
              </lines>
            </method>
            <method name="report" signature="" line-rate="1" branch-rate="0" complexity="1">
              <lines>
                <line number="590" hits="2"/>
                <line number="591" hits="2"/>
                <line number="592" hits="2"/>
                <line number="593" hits="2"/>
                <line number="594" hits="2"/>
              </lines>
            </method>
            <method name="source" signature="" line-rate="1" branch-rate="0" complexity="1">
              <lines>
                <line number="604" hits="2"/>
                <line number="605" hits="2"/>
                <line number="606" hits="2"/>
                <line number="607" hits="2"/>
                <line number="608" hits="2"/>
              </lines>
            </method>
            <method name="task" signature="" line-rate="1" branch-rate="0" complexity="1">
              <lines>
                <line number="618" hits="2"/>
                <line number="619" hits="2"/>
                <line number="620" hits="2"/>
                <line number="621" hits="2"/>
                <line number="622" hits="2"/>
              </lines>
            </method>
            <method name="team" signature="" line-rate="1" branch-rate="0" complexity="1">
              <lines>
                <line number="632" hits="2"/>
                <line number="633" hits="2"/>
                <line number="634" hits="2"/>
                <line number="635" hits="2"/>
                <line number="636" hits="2"/>
              </lines>
            </method>
          </methods>
          <lines>
            <line number="392" hits="26"/>
            <line number="393" hits="26"/>
            <line number="394" hits="26"/>
            <line number="395" hits="26"/>
            <line number="396" hits="26"/>
            <line number="397" hits="26"/>
            <line number="398" hits="26"/>
            <line number="399" hits="26"/>
            <line number="400" hits="26"/>
            <line number="401" hits="26"/>
            <line number="402" hits="26"/>
            <line number="403" hits="26"/>
            <line number="404" hits="26"/>
            <line number="405" hits="26"/>
            <line number="406" hits="26"/>
            <line number="407" hits="26"/>
            <line number="408" hits="26"/>
            <line number="409" hits="26"/>
            <line number="410" hits="26"/>
            <line number="411" hits="26"/>
            <line number="412" hits="26"/>
            <line number="413" hits="26"/>
            <line number="414" hits="26"/>
            <line number="415" hits="26"/>
            <line number="416" hits="26"/>
            <line number="417" hits="26"/>
            <line number="418" hits="26"/>
            <line number="419" hits="26"/>
            <line number="420" hits="26"/>
            <line number="421" hits="26"/>
            <line number="422" hits="26"/>
            <line number="423" hits="26"/>
            <line number="424" hits="26"/>
            <line number="425" hits="26"/>
            <line number="426" hits="26"/>
            <line number="427" hits="26"/>
            <line number="428" hits="26"/>
            <line number="429" hits="26"/>
            <line number="430" hits="26"/>
            <line number="431" hits="26"/>
            <line number="432" hits="26"/>
            <line number="433" hits="26"/>
            <line number="434" hits="26"/>
            <line number="435" hits="26"/>
            <line number="436" hits="26"/>
            <line number="437" hits="26"/>
            <line number="438" hits="26"/>
            <line number="439" hits="26"/>
            <line number="440" hits="26"/>
            <line number="441" hits="26"/>
            <line number="442" hits="26"/>
            <line number="443" hits="26"/>
            <line number="444" hits="26"/>
            <line number="445" hits="26"/>
            <line number="446" hits="26"/>
            <line number="447" hits="26"/>
            <line number="448" hits="26"/>
            <line number="449" hits="26"/>
            <line number="450" hits="26"/>
            <line number="451" hits="26"/>
            <line number="452" hits="26"/>
            <line number="453" hits="26"/>
            <line number="454" hits="26"/>
            <line number="455" hits="26"/>
            <line number="456" hits="26"/>
            <line number="457" hits="26"/>
            <line number="458" hits="26"/>
            <line number="459" hits="26"/>
            <line number="460" hits="26"/>
            <line number="461" hits="26"/>
            <line number="462" hits="26"/>
            <line number="463" hits="26"/>
            <line number="464" hits="26"/>
            <line number="465" hits="26"/>
            <line number="466" hits="26"/>
            <line number="467" hits="26"/>
            <line number="468" hits="26"/>
            <line number="469" hits="26"/>
            <line number="470" hits="26"/>
            <line number="471" hits="26"/>
            <line number="472" hits="26"/>
            <line number="473" hits="26"/>
            <line number="474" hits="26"/>
            <line number="475" hits="26"/>
            <line number="476" hits="26"/>
            <line number="477" hits="26"/>
            <line number="478" hits="26"/>
            <line number="479" hits="26"/>
            <line number="480" hits="26"/>
            <line number="481" hits="26"/>
            <line number="482" hits="26"/>
            <line number="483" hits="26"/>
            <line number="484" hits="26"/>
            <line number="485" hits="26"/>
            <line number="486" hits="26"/>
            <line number="487" hits="26"/>
            <line number="488" hits="26"/>
            <line number="489" hits="26"/>
            <line number="490" hits="26"/>
            <line number="491" hits="26"/>
            <line number="492" hits="26"/>
            <line number="493" hits="26"/>
            <line number="494" hits="26"/>
            <line number="495" hits="26"/>
            <line number="496" hits="26"/>
            <line number="506" hits="2"/>
            <line number="507" hits="2"/>
            <line number="508" hits="2"/>
            <line number="509" hits="2"/>
            <line number="510" hits="2"/>
            <line number="520" hits="2"/>
            <line number="521" hits="2"/>
            <line number="522" hits="2"/>
            <line number="523" hits="2"/>
            <line number="524" hits="2"/>
            <line number="534" hits="2"/>
            <line number="535" hits="2"/>
            <line number="536" hits="2"/>
            <line number="537" hits="2"/>
            <line number="538" hits="2"/>
            <line number="548" hits="2"/>
            <line number="549" hits="2"/>
            <line number="550" hits="2"/>
            <line number="551" hits="2"/>
            <line number="552" hits="2"/>
            <line number="562" hits="2"/>
            <line number="563" hits="2"/>
            <line number="564" hits="2"/>
            <line number="565" hits="2"/>
            <line number="566" hits="2"/>
            <line number="576" hits="2"/>
            <line number="577" hits="2"/>
            <line number="578" hits="2"/>
            <line number="579" hits="2"/>
            <line number="580" hits="2"/>
            <line number="590" hits="2"/>
            <line number="591" hits="2"/>
            <line number="592" hits="2"/>
            <line number="593" hits="2"/>
            <line number="594" hits="2"/>
            <line number="604" hits="2"/>
            <line number="605" hits="2"/>
            <line number="606" hits="2"/>
            <line number="607" hits="2"/>
            <line number="608" hits="2"/>
            <line number="618" hits="2"/>
            <line number="619" hits="2"/>
            <line number="620" hits="2"/>
            <line number="621" hits="2"/>
            <line number="622" hits="2"/>
            <line number="632" hits="2"/>
            <line number="633" hits="2"/>
            <line number="634" hits="2"/>
            <line number="635" hits="2"/>
            <line number="636" hits="2"/>
          </lines>
        </class>
      </classes>
    </package>
    <package name="ServiceProvider.php" line-rate="1" branch-rate="0" complexity="14">
      <classes>
        <class name="Playground\Lead\ServiceProvider" filename="ServiceProvider.php" line-rate="1" branch-rate="0" complexity="14">
          <methods>
            <method name="boot" signature="" line-rate="1" branch-rate="0" complexity="6">
              <lines>
                <line number="32" hits="67"/>
                <line number="34" hits="67"/>
                <line number="36" hits="67"/>
                <line number="38" hits="67"/>
                <line number="39" hits="67"/>
                <line number="40" hits="67"/>
                <line number="43" hits="67"/>
                <line number="46" hits="67"/>
                <line number="47" hits="1"/>
                <line number="52" hits="67"/>
                <line number="53" hits="67"/>
              </lines>
            </method>
            <method name="register" signature="" line-rate="1" branch-rate="0" complexity="1">
              <lines>
                <line number="62" hits="67"/>
                <line number="63" hits="67"/>
                <line number="64" hits="67"/>
                <line number="65" hits="67"/>
              </lines>
            </method>
            <method name="publishMigrations" signature="" line-rate="1" branch-rate="0" complexity="2">
              <lines>
                <line number="70" hits="67"/>
                <line number="72" hits="67"/>
                <line number="73" hits="67"/>
                <line number="74" hits="67"/>
                <line number="75" hits="67"/>
                <line number="76" hits="67"/>
                <line number="77" hits="67"/>
                <line number="78" hits="67"/>
                <line number="79" hits="67"/>
                <line number="80" hits="67"/>
                <line number="81" hits="67"/>
                <line number="82" hits="67"/>
                <line number="83" hits="67"/>
                <line number="84" hits="67"/>
                <line number="85" hits="67"/>
                <line number="88" hits="67"/>
              </lines>
            </method>
            <method name="about" signature="" line-rate="1" branch-rate="0" complexity="5">
              <lines>
                <line number="93" hits="67"/>
                <line number="94" hits="67"/>
                <line number="96" hits="67"/>
                <line number="98" hits="67"/>
                <line number="99" hits="67"/>
                <line number="100" hits="67"/>
                <line number="101" hits="67"/>
                <line number="102" hits="67"/>
              </lines>
            </method>
          </methods>
          <lines>
            <line number="32" hits="67"/>
            <line number="34" hits="67"/>
            <line number="36" hits="67"/>
            <line number="38" hits="67"/>
            <line number="39" hits="67"/>
            <line number="40" hits="67"/>
            <line number="43" hits="67"/>
            <line number="46" hits="67"/>
            <line number="47" hits="1"/>
            <line number="52" hits="67"/>
            <line number="53" hits="67"/>
            <line number="62" hits="67"/>
            <line number="63" hits="67"/>
            <line number="64" hits="67"/>
            <line number="65" hits="67"/>
            <line number="70" hits="67"/>
            <line number="72" hits="67"/>
            <line number="73" hits="67"/>
            <line number="74" hits="67"/>
            <line number="75" hits="67"/>
            <line number="76" hits="67"/>
            <line number="77" hits="67"/>
            <line number="78" hits="67"/>
            <line number="79" hits="67"/>
            <line number="80" hits="67"/>
            <line number="81" hits="67"/>
            <line number="82" hits="67"/>
            <line number="83" hits="67"/>
            <line number="84" hits="67"/>
            <line number="85" hits="67"/>
            <line number="88" hits="67"/>
            <line number="93" hits="67"/>
            <line number="94" hits="67"/>
            <line number="96" hits="67"/>
            <line number="98" hits="67"/>
            <line number="99" hits="67"/>
            <line number="100" hits="67"/>
            <line number="101" hits="67"/>
            <line number="102" hits="67"/>
          </lines>
        </class>
      </classes>
    </package>
  </packages>
</coverage>
