<?xml version="1.0" encoding="UTF-8"?>
<testsuites>
  <testsuite name="/app/phpunit-ci.xml" tests="67" assertions="2367" errors="0" failures="0" skipped="0" time="18.489834">
    <testsuite name="Unit" tests="33" assertions="198" errors="0" failures="0" skipped="0" time="1.329716">
      <testsuite name="Tests\Unit\Playground\Lead\Models\Campaign\ModelTest" file="/app/tests/Unit/Models/Campaign/ModelTest.php" tests="3" assertions="18" errors="0" failures="0" skipped="0" time="0.263031">
        <testcase name="test_model_instance" file="/app/vendor/gammamatrix/playground-test/src/Unit/Models/ModelCase.php" line="113" class="Tests\Unit\Playground\Lead\Models\Campaign\ModelTest" classname="Tests.Unit.Playground.Lead.Models.Campaign.ModelTest" assertions="1" time="0.153097"/>
        <testcase name="test_verify_model_relationships" file="/app/vendor/gammamatrix/playground-test/src/Unit/Models/ModelCase.php" line="294" class="Tests\Unit\Playground\Lead\Models\Campaign\ModelTest" classname="Tests.Unit.Playground.Lead.Models.Campaign.ModelTest" assertions="14" time="0.072344"/>
        <testcase name="test_model_factory_make" file="/app/vendor/gammamatrix/playground-test/src/Unit/Models/ModelCase.php" line="310" class="Tests\Unit\Playground\Lead\Models\Campaign\ModelTest" classname="Tests.Unit.Playground.Lead.Models.Campaign.ModelTest" assertions="3" time="0.037590"/>
      </testsuite>
      <testsuite name="Tests\Unit\Playground\Lead\Models\Goal\ModelTest" file="/app/tests/Unit/Models/Goal/ModelTest.php" tests="3" assertions="18" errors="0" failures="0" skipped="0" time="0.109159">
        <testcase name="test_model_instance" file="/app/vendor/gammamatrix/playground-test/src/Unit/Models/ModelCase.php" line="113" class="Tests\Unit\Playground\Lead\Models\Goal\ModelTest" classname="Tests.Unit.Playground.Lead.Models.Goal.ModelTest" assertions="1" time="0.027673"/>
        <testcase name="test_verify_model_relationships" file="/app/vendor/gammamatrix/playground-test/src/Unit/Models/ModelCase.php" line="294" class="Tests\Unit\Playground\Lead\Models\Goal\ModelTest" classname="Tests.Unit.Playground.Lead.Models.Goal.ModelTest" assertions="14" time="0.050793"/>
        <testcase name="test_model_factory_make" file="/app/vendor/gammamatrix/playground-test/src/Unit/Models/ModelCase.php" line="310" class="Tests\Unit\Playground\Lead\Models\Goal\ModelTest" classname="Tests.Unit.Playground.Lead.Models.Goal.ModelTest" assertions="3" time="0.030693"/>
      </testsuite>
      <testsuite name="Tests\Unit\Playground\Lead\Models\Lead\ModelTest" file="/app/tests/Unit/Models/Lead/ModelTest.php" tests="3" assertions="18" errors="0" failures="0" skipped="0" time="0.109596">
        <testcase name="test_model_instance" file="/app/vendor/gammamatrix/playground-test/src/Unit/Models/ModelCase.php" line="113" class="Tests\Unit\Playground\Lead\Models\Lead\ModelTest" classname="Tests.Unit.Playground.Lead.Models.Lead.ModelTest" assertions="1" time="0.027694"/>
        <testcase name="test_verify_model_relationships" file="/app/vendor/gammamatrix/playground-test/src/Unit/Models/ModelCase.php" line="294" class="Tests\Unit\Playground\Lead\Models\Lead\ModelTest" classname="Tests.Unit.Playground.Lead.Models.Lead.ModelTest" assertions="14" time="0.050687"/>
        <testcase name="test_model_factory_make" file="/app/vendor/gammamatrix/playground-test/src/Unit/Models/ModelCase.php" line="310" class="Tests\Unit\Playground\Lead\Models\Lead\ModelTest" classname="Tests.Unit.Playground.Lead.Models.Lead.ModelTest" assertions="3" time="0.031215"/>
      </testsuite>
      <testsuite name="Tests\Unit\Playground\Lead\Models\Opportunity\ModelTest" file="/app/tests/Unit/Models/Opportunity/ModelTest.php" tests="3" assertions="18" errors="0" failures="0" skipped="0" time="0.108940">
        <testcase name="test_model_instance" file="/app/vendor/gammamatrix/playground-test/src/Unit/Models/ModelCase.php" line="113" class="Tests\Unit\Playground\Lead\Models\Opportunity\ModelTest" classname="Tests.Unit.Playground.Lead.Models.Opportunity.ModelTest" assertions="1" time="0.027412"/>
        <testcase name="test_verify_model_relationships" file="/app/vendor/gammamatrix/playground-test/src/Unit/Models/ModelCase.php" line="294" class="Tests\Unit\Playground\Lead\Models\Opportunity\ModelTest" classname="Tests.Unit.Playground.Lead.Models.Opportunity.ModelTest" assertions="14" time="0.050323"/>
        <testcase name="test_model_factory_make" file="/app/vendor/gammamatrix/playground-test/src/Unit/Models/ModelCase.php" line="310" class="Tests\Unit\Playground\Lead\Models\Opportunity\ModelTest" classname="Tests.Unit.Playground.Lead.Models.Opportunity.ModelTest" assertions="3" time="0.031205"/>
      </testsuite>
      <testsuite name="Tests\Unit\Playground\Lead\Models\Plan\ModelTest" file="/app/tests/Unit/Models/Plan/ModelTest.php" tests="3" assertions="18" errors="0" failures="0" skipped="0" time="0.104967">
        <testcase name="test_model_instance" file="/app/vendor/gammamatrix/playground-test/src/Unit/Models/ModelCase.php" line="113" class="Tests\Unit\Playground\Lead\Models\Plan\ModelTest" classname="Tests.Unit.Playground.Lead.Models.Plan.ModelTest" assertions="1" time="0.026392"/>
        <testcase name="test_verify_model_relationships" file="/app/vendor/gammamatrix/playground-test/src/Unit/Models/ModelCase.php" line="294" class="Tests\Unit\Playground\Lead\Models\Plan\ModelTest" classname="Tests.Unit.Playground.Lead.Models.Plan.ModelTest" assertions="14" time="0.049578"/>
        <testcase name="test_model_factory_make" file="/app/vendor/gammamatrix/playground-test/src/Unit/Models/ModelCase.php" line="310" class="Tests\Unit\Playground\Lead\Models\Plan\ModelTest" classname="Tests.Unit.Playground.Lead.Models.Plan.ModelTest" assertions="3" time="0.028996"/>
      </testsuite>
      <testsuite name="Tests\Unit\Playground\Lead\Models\Region\ModelTest" file="/app/tests/Unit/Models/Region/ModelTest.php" tests="3" assertions="18" errors="0" failures="0" skipped="0" time="0.105574">
        <testcase name="test_model_instance" file="/app/vendor/gammamatrix/playground-test/src/Unit/Models/ModelCase.php" line="113" class="Tests\Unit\Playground\Lead\Models\Region\ModelTest" classname="Tests.Unit.Playground.Lead.Models.Region.ModelTest" assertions="1" time="0.026081"/>
        <testcase name="test_verify_model_relationships" file="/app/vendor/gammamatrix/playground-test/src/Unit/Models/ModelCase.php" line="294" class="Tests\Unit\Playground\Lead\Models\Region\ModelTest" classname="Tests.Unit.Playground.Lead.Models.Region.ModelTest" assertions="14" time="0.048767"/>
        <testcase name="test_model_factory_make" file="/app/vendor/gammamatrix/playground-test/src/Unit/Models/ModelCase.php" line="310" class="Tests\Unit\Playground\Lead\Models\Region\ModelTest" classname="Tests.Unit.Playground.Lead.Models.Region.ModelTest" assertions="3" time="0.030726"/>
      </testsuite>
      <testsuite name="Tests\Unit\Playground\Lead\Models\Report\ModelTest" file="/app/tests/Unit/Models/Report/ModelTest.php" tests="3" assertions="18" errors="0" failures="0" skipped="0" time="0.106487">
        <testcase name="test_model_instance" file="/app/vendor/gammamatrix/playground-test/src/Unit/Models/ModelCase.php" line="113" class="Tests\Unit\Playground\Lead\Models\Report\ModelTest" classname="Tests.Unit.Playground.Lead.Models.Report.ModelTest" assertions="1" time="0.026297"/>
        <testcase name="test_verify_model_relationships" file="/app/vendor/gammamatrix/playground-test/src/Unit/Models/ModelCase.php" line="294" class="Tests\Unit\Playground\Lead\Models\Report\ModelTest" classname="Tests.Unit.Playground.Lead.Models.Report.ModelTest" assertions="14" time="0.051250"/>
        <testcase name="test_model_factory_make" file="/app/vendor/gammamatrix/playground-test/src/Unit/Models/ModelCase.php" line="310" class="Tests\Unit\Playground\Lead\Models\Report\ModelTest" classname="Tests.Unit.Playground.Lead.Models.Report.ModelTest" assertions="3" time="0.028939"/>
      </testsuite>
      <testsuite name="Tests\Unit\Playground\Lead\Models\Source\ModelTest" file="/app/tests/Unit/Models/Source/ModelTest.php" tests="3" assertions="18" errors="0" failures="0" skipped="0" time="0.107289">
        <testcase name="test_model_instance" file="/app/vendor/gammamatrix/playground-test/src/Unit/Models/ModelCase.php" line="113" class="Tests\Unit\Playground\Lead\Models\Source\ModelTest" classname="Tests.Unit.Playground.Lead.Models.Source.ModelTest" assertions="1" time="0.026393"/>
        <testcase name="test_verify_model_relationships" file="/app/vendor/gammamatrix/playground-test/src/Unit/Models/ModelCase.php" line="294" class="Tests\Unit\Playground\Lead\Models\Source\ModelTest" classname="Tests.Unit.Playground.Lead.Models.Source.ModelTest" assertions="14" time="0.051717"/>
        <testcase name="test_model_factory_make" file="/app/vendor/gammamatrix/playground-test/src/Unit/Models/ModelCase.php" line="310" class="Tests\Unit\Playground\Lead\Models\Source\ModelTest" classname="Tests.Unit.Playground.Lead.Models.Source.ModelTest" assertions="3" time="0.029180"/>
      </testsuite>
      <testsuite name="Tests\Unit\Playground\Lead\Models\Task\ModelTest" file="/app/tests/Unit/Models/Task/ModelTest.php" tests="3" assertions="18" errors="0" failures="0" skipped="0" time="0.104560">
        <testcase name="test_model_instance" file="/app/vendor/gammamatrix/playground-test/src/Unit/Models/ModelCase.php" line="113" class="Tests\Unit\Playground\Lead\Models\Task\ModelTest" classname="Tests.Unit.Playground.Lead.Models.Task.ModelTest" assertions="1" time="0.026295"/>
        <testcase name="test_verify_model_relationships" file="/app/vendor/gammamatrix/playground-test/src/Unit/Models/ModelCase.php" line="294" class="Tests\Unit\Playground\Lead\Models\Task\ModelTest" classname="Tests.Unit.Playground.Lead.Models.Task.ModelTest" assertions="14" time="0.049502"/>
        <testcase name="test_model_factory_make" file="/app/vendor/gammamatrix/playground-test/src/Unit/Models/ModelCase.php" line="310" class="Tests\Unit\Playground\Lead\Models\Task\ModelTest" classname="Tests.Unit.Playground.Lead.Models.Task.ModelTest" assertions="3" time="0.028763"/>
      </testsuite>
      <testsuite name="Tests\Unit\Playground\Lead\Models\Team\ModelTest" file="/app/tests/Unit/Models/Team/ModelTest.php" tests="3" assertions="18" errors="0" failures="0" skipped="0" time="0.104502">
        <testcase name="test_model_instance" file="/app/vendor/gammamatrix/playground-test/src/Unit/Models/ModelCase.php" line="113" class="Tests\Unit\Playground\Lead\Models\Team\ModelTest" classname="Tests.Unit.Playground.Lead.Models.Team.ModelTest" assertions="1" time="0.026663"/>
        <testcase name="test_verify_model_relationships" file="/app/vendor/gammamatrix/playground-test/src/Unit/Models/ModelCase.php" line="294" class="Tests\Unit\Playground\Lead\Models\Team\ModelTest" classname="Tests.Unit.Playground.Lead.Models.Team.ModelTest" assertions="14" time="0.049082"/>
        <testcase name="test_model_factory_make" file="/app/vendor/gammamatrix/playground-test/src/Unit/Models/ModelCase.php" line="310" class="Tests\Unit\Playground\Lead\Models\Team\ModelTest" classname="Tests.Unit.Playground.Lead.Models.Team.ModelTest" assertions="3" time="0.028757"/>
      </testsuite>
      <testsuite name="Tests\Unit\Playground\Lead\Models\Teammate\ModelTest" file="/app/tests/Unit/Models/Teammate/ModelTest.php" tests="3" assertions="18" errors="0" failures="0" skipped="0" time="0.105612">
        <testcase name="test_model_instance" file="/app/vendor/gammamatrix/playground-test/src/Unit/Models/ModelCase.php" line="113" class="Tests\Unit\Playground\Lead\Models\Teammate\ModelTest" classname="Tests.Unit.Playground.Lead.Models.Teammate.ModelTest" assertions="1" time="0.027796"/>
        <testcase name="test_verify_model_relationships" file="/app/vendor/gammamatrix/playground-test/src/Unit/Models/ModelCase.php" line="294" class="Tests\Unit\Playground\Lead\Models\Teammate\ModelTest" classname="Tests.Unit.Playground.Lead.Models.Teammate.ModelTest" assertions="14" time="0.049497"/>
        <testcase name="test_model_factory_make" file="/app/vendor/gammamatrix/playground-test/src/Unit/Models/ModelCase.php" line="310" class="Tests\Unit\Playground\Lead\Models\Teammate\ModelTest" classname="Tests.Unit.Playground.Lead.Models.Teammate.ModelTest" assertions="3" time="0.028319"/>
      </testsuite>
    </testsuite>
    <testsuite name="Feature" tests="34" assertions="2169" errors="0" failures="0" skipped="0" time="17.160118">
      <testsuite name="Tests\Feature\Playground\Lead\Console\Commands\About\CommandTest" file="/app/tests/Feature/Console/Commands/About/CommandTest.php" tests="1" assertions="2" errors="0" failures="0" skipped="0" time="0.495757">
        <testcase name="test_command_about_displays_package_information_and_succeed" file="/app/tests/Feature/Console/Commands/About/CommandTest.php" line="37" class="Tests\Feature\Playground\Lead\Console\Commands\About\CommandTest" classname="Tests.Feature.Playground.Lead.Console.Commands.About.CommandTest" assertions="2" time="0.495757"/>
      </testsuite>
      <testsuite name="Tests\Feature\Playground\Lead\Models\Campaign\ModelTest" file="/app/tests/Feature/Models/Campaign/ModelTest.php" tests="3" assertions="197" errors="0" failures="0" skipped="0" time="1.591639">
        <testcase name="test_model_instance" file="/app/vendor/gammamatrix/playground-test/src/Feature/Models/ModelCase.php" line="123" class="Tests\Feature\Playground\Lead\Models\Campaign\ModelTest" classname="Tests.Feature.Playground.Lead.Models.Campaign.ModelTest" assertions="1" time="0.362069"/>
        <testcase name="test_verify_model_relationships" file="/app/vendor/gammamatrix/playground-test/src/Feature/Models/ModelCase.php" line="202" class="Tests\Feature\Playground\Lead\Models\Campaign\ModelTest" classname="Tests.Feature.Playground.Lead.Models.Campaign.ModelTest" assertions="192" time="0.871527"/>
        <testcase name="test_factory_create" file="/app/vendor/gammamatrix/playground-test/src/Feature/Models/ModelCase.php" line="223" class="Tests\Feature\Playground\Lead\Models\Campaign\ModelTest" classname="Tests.Feature.Playground.Lead.Models.Campaign.ModelTest" assertions="4" time="0.358043"/>
      </testsuite>
      <testsuite name="Tests\Feature\Playground\Lead\Models\Goal\ModelTest" file="/app/tests/Feature/Models/Goal/ModelTest.php" tests="3" assertions="197" errors="0" failures="0" skipped="0" time="1.508904">
        <testcase name="test_model_instance" file="/app/vendor/gammamatrix/playground-test/src/Feature/Models/ModelCase.php" line="123" class="Tests\Feature\Playground\Lead\Models\Goal\ModelTest" classname="Tests.Feature.Playground.Lead.Models.Goal.ModelTest" assertions="1" time="0.351019"/>
        <testcase name="test_verify_model_relationships" file="/app/vendor/gammamatrix/playground-test/src/Feature/Models/ModelCase.php" line="202" class="Tests\Feature\Playground\Lead\Models\Goal\ModelTest" classname="Tests.Feature.Playground.Lead.Models.Goal.ModelTest" assertions="192" time="0.797819"/>
        <testcase name="test_factory_create" file="/app/vendor/gammamatrix/playground-test/src/Feature/Models/ModelCase.php" line="223" class="Tests\Feature\Playground\Lead\Models\Goal\ModelTest" classname="Tests.Feature.Playground.Lead.Models.Goal.ModelTest" assertions="4" time="0.360066"/>
      </testsuite>
      <testsuite name="Tests\Feature\Playground\Lead\Models\Lead\ModelTest" file="/app/tests/Feature/Models/Lead/ModelTest.php" tests="3" assertions="197" errors="0" failures="0" skipped="0" time="1.514834">
        <testcase name="test_model_instance" file="/app/vendor/gammamatrix/playground-test/src/Feature/Models/ModelCase.php" line="123" class="Tests\Feature\Playground\Lead\Models\Lead\ModelTest" classname="Tests.Feature.Playground.Lead.Models.Lead.ModelTest" assertions="1" time="0.345732"/>
        <testcase name="test_verify_model_relationships" file="/app/vendor/gammamatrix/playground-test/src/Feature/Models/ModelCase.php" line="202" class="Tests\Feature\Playground\Lead\Models\Lead\ModelTest" classname="Tests.Feature.Playground.Lead.Models.Lead.ModelTest" assertions="192" time="0.808797"/>
        <testcase name="test_factory_create" file="/app/vendor/gammamatrix/playground-test/src/Feature/Models/ModelCase.php" line="223" class="Tests\Feature\Playground\Lead\Models\Lead\ModelTest" classname="Tests.Feature.Playground.Lead.Models.Lead.ModelTest" assertions="4" time="0.360305"/>
      </testsuite>
      <testsuite name="Tests\Feature\Playground\Lead\Models\Opportunity\ModelTest" file="/app/tests/Feature/Models/Opportunity/ModelTest.php" tests="3" assertions="197" errors="0" failures="0" skipped="0" time="1.510636">
        <testcase name="test_model_instance" file="/app/vendor/gammamatrix/playground-test/src/Feature/Models/ModelCase.php" line="123" class="Tests\Feature\Playground\Lead\Models\Opportunity\ModelTest" classname="Tests.Feature.Playground.Lead.Models.Opportunity.ModelTest" assertions="1" time="0.343491"/>
        <testcase name="test_verify_model_relationships" file="/app/vendor/gammamatrix/playground-test/src/Feature/Models/ModelCase.php" line="202" class="Tests\Feature\Playground\Lead\Models\Opportunity\ModelTest" classname="Tests.Feature.Playground.Lead.Models.Opportunity.ModelTest" assertions="192" time="0.810050"/>
        <testcase name="test_factory_create" file="/app/vendor/gammamatrix/playground-test/src/Feature/Models/ModelCase.php" line="223" class="Tests\Feature\Playground\Lead\Models\Opportunity\ModelTest" classname="Tests.Feature.Playground.Lead.Models.Opportunity.ModelTest" assertions="4" time="0.357096"/>
      </testsuite>
      <testsuite name="Tests\Feature\Playground\Lead\Models\Plan\ModelTest" file="/app/tests/Feature/Models/Plan/ModelTest.php" tests="3" assertions="197" errors="0" failures="0" skipped="0" time="1.506761">
        <testcase name="test_model_instance" file="/app/vendor/gammamatrix/playground-test/src/Feature/Models/ModelCase.php" line="123" class="Tests\Feature\Playground\Lead\Models\Plan\ModelTest" classname="Tests.Feature.Playground.Lead.Models.Plan.ModelTest" assertions="1" time="0.343980"/>
        <testcase name="test_verify_model_relationships" file="/app/vendor/gammamatrix/playground-test/src/Feature/Models/ModelCase.php" line="202" class="Tests\Feature\Playground\Lead\Models\Plan\ModelTest" classname="Tests.Feature.Playground.Lead.Models.Plan.ModelTest" assertions="192" time="0.804560"/>
        <testcase name="test_factory_create" file="/app/vendor/gammamatrix/playground-test/src/Feature/Models/ModelCase.php" line="223" class="Tests\Feature\Playground\Lead\Models\Plan\ModelTest" classname="Tests.Feature.Playground.Lead.Models.Plan.ModelTest" assertions="4" time="0.358221"/>
      </testsuite>
      <testsuite name="Tests\Feature\Playground\Lead\Models\Region\ModelTest" file="/app/tests/Feature/Models/Region/ModelTest.php" tests="3" assertions="197" errors="0" failures="0" skipped="0" time="1.505182">
        <testcase name="test_model_instance" file="/app/vendor/gammamatrix/playground-test/src/Feature/Models/ModelCase.php" line="123" class="Tests\Feature\Playground\Lead\Models\Region\ModelTest" classname="Tests.Feature.Playground.Lead.Models.Region.ModelTest" assertions="1" time="0.344347"/>
        <testcase name="test_verify_model_relationships" file="/app/vendor/gammamatrix/playground-test/src/Feature/Models/ModelCase.php" line="202" class="Tests\Feature\Playground\Lead\Models\Region\ModelTest" classname="Tests.Feature.Playground.Lead.Models.Region.ModelTest" assertions="192" time="0.802071"/>
        <testcase name="test_factory_create" file="/app/vendor/gammamatrix/playground-test/src/Feature/Models/ModelCase.php" line="223" class="Tests\Feature\Playground\Lead\Models\Region\ModelTest" classname="Tests.Feature.Playground.Lead.Models.Region.ModelTest" assertions="4" time="0.358764"/>
      </testsuite>
      <testsuite name="Tests\Feature\Playground\Lead\Models\Report\ModelTest" file="/app/tests/Feature/Models/Report/ModelTest.php" tests="3" assertions="197" errors="0" failures="0" skipped="0" time="1.499311">
        <testcase name="test_model_instance" file="/app/vendor/gammamatrix/playground-test/src/Feature/Models/ModelCase.php" line="123" class="Tests\Feature\Playground\Lead\Models\Report\ModelTest" classname="Tests.Feature.Playground.Lead.Models.Report.ModelTest" assertions="1" time="0.340111"/>
        <testcase name="test_verify_model_relationships" file="/app/vendor/gammamatrix/playground-test/src/Feature/Models/ModelCase.php" line="202" class="Tests\Feature\Playground\Lead\Models\Report\ModelTest" classname="Tests.Feature.Playground.Lead.Models.Report.ModelTest" assertions="192" time="0.805537"/>
        <testcase name="test_factory_create" file="/app/vendor/gammamatrix/playground-test/src/Feature/Models/ModelCase.php" line="223" class="Tests\Feature\Playground\Lead\Models\Report\ModelTest" classname="Tests.Feature.Playground.Lead.Models.Report.ModelTest" assertions="4" time="0.353663"/>
      </testsuite>
      <testsuite name="Tests\Feature\Playground\Lead\Models\Source\ModelTest" file="/app/tests/Feature/Models/Source/ModelTest.php" tests="3" assertions="197" errors="0" failures="0" skipped="0" time="1.495550">
        <testcase name="test_model_instance" file="/app/vendor/gammamatrix/playground-test/src/Feature/Models/ModelCase.php" line="123" class="Tests\Feature\Playground\Lead\Models\Source\ModelTest" classname="Tests.Feature.Playground.Lead.Models.Source.ModelTest" assertions="1" time="0.345849"/>
        <testcase name="test_verify_model_relationships" file="/app/vendor/gammamatrix/playground-test/src/Feature/Models/ModelCase.php" line="202" class="Tests\Feature\Playground\Lead\Models\Source\ModelTest" classname="Tests.Feature.Playground.Lead.Models.Source.ModelTest" assertions="192" time="0.798458"/>
        <testcase name="test_factory_create" file="/app/vendor/gammamatrix/playground-test/src/Feature/Models/ModelCase.php" line="223" class="Tests\Feature\Playground\Lead\Models\Source\ModelTest" classname="Tests.Feature.Playground.Lead.Models.Source.ModelTest" assertions="4" time="0.351244"/>
      </testsuite>
      <testsuite name="Tests\Feature\Playground\Lead\Models\Task\ModelTest" file="/app/tests/Feature/Models/Task/ModelTest.php" tests="3" assertions="197" errors="0" failures="0" skipped="0" time="1.523526">
        <testcase name="test_model_instance" file="/app/vendor/gammamatrix/playground-test/src/Feature/Models/ModelCase.php" line="123" class="Tests\Feature\Playground\Lead\Models\Task\ModelTest" classname="Tests.Feature.Playground.Lead.Models.Task.ModelTest" assertions="1" time="0.343438"/>
        <testcase name="test_verify_model_relationships" file="/app/vendor/gammamatrix/playground-test/src/Feature/Models/ModelCase.php" line="202" class="Tests\Feature\Playground\Lead\Models\Task\ModelTest" classname="Tests.Feature.Playground.Lead.Models.Task.ModelTest" assertions="192" time="0.808842"/>
        <testcase name="test_factory_create" file="/app/vendor/gammamatrix/playground-test/src/Feature/Models/ModelCase.php" line="223" class="Tests\Feature\Playground\Lead\Models\Task\ModelTest" classname="Tests.Feature.Playground.Lead.Models.Task.ModelTest" assertions="4" time="0.371246"/>
      </testsuite>
      <testsuite name="Tests\Feature\Playground\Lead\Models\Team\ModelTest" file="/app/tests/Feature/Models/Team/ModelTest.php" tests="3" assertions="197" errors="0" failures="0" skipped="0" time="1.510671">
        <testcase name="test_model_instance" file="/app/vendor/gammamatrix/playground-test/src/Feature/Models/ModelCase.php" line="123" class="Tests\Feature\Playground\Lead\Models\Team\ModelTest" classname="Tests.Feature.Playground.Lead.Models.Team.ModelTest" assertions="1" time="0.343578"/>
        <testcase name="test_verify_model_relationships" file="/app/vendor/gammamatrix/playground-test/src/Feature/Models/ModelCase.php" line="202" class="Tests\Feature\Playground\Lead\Models\Team\ModelTest" classname="Tests.Feature.Playground.Lead.Models.Team.ModelTest" assertions="192" time="0.801994"/>
        <testcase name="test_factory_create" file="/app/vendor/gammamatrix/playground-test/src/Feature/Models/ModelCase.php" line="223" class="Tests\Feature\Playground\Lead\Models\Team\ModelTest" classname="Tests.Feature.Playground.Lead.Models.Team.ModelTest" assertions="4" time="0.365099"/>
      </testsuite>
      <testsuite name="Tests\Feature\Playground\Lead\Models\Teammate\ModelTest" file="/app/tests/Feature/Models/Teammate/ModelTest.php" tests="3" assertions="197" errors="0" failures="0" skipped="0" time="1.497344">
        <testcase name="test_model_instance" file="/app/vendor/gammamatrix/playground-test/src/Feature/Models/ModelCase.php" line="123" class="Tests\Feature\Playground\Lead\Models\Teammate\ModelTest" classname="Tests.Feature.Playground.Lead.Models.Teammate.ModelTest" assertions="1" time="0.342188"/>
        <testcase name="test_verify_model_relationships" file="/app/vendor/gammamatrix/playground-test/src/Feature/Models/ModelCase.php" line="202" class="Tests\Feature\Playground\Lead\Models\Teammate\ModelTest" classname="Tests.Feature.Playground.Lead.Models.Teammate.ModelTest" assertions="192" time="0.800860"/>
        <testcase name="test_factory_create" file="/app/vendor/gammamatrix/playground-test/src/Feature/Models/ModelCase.php" line="223" class="Tests\Feature\Playground\Lead\Models\Teammate\ModelTest" classname="Tests.Feature.Playground.Lead.Models.Teammate.ModelTest" assertions="4" time="0.354295"/>
      </testsuite>
    </testsuite>
  </testsuite>
</testsuites>
